Using pre-set license
Built from '2020.3/staging' branch; Version is '2020.3.8f1 (507919d4fff5) revision 5273881'; Using compiler version '192528614'; Build Type 'Release'
OS: 'Windows 10 Enterprise; OS build 19043.1083; Version 2009; 64bit' Language: 'en' Physical Memory: 16321 MB
BatchMode: 1, IsHumanControllingUs: 0, StartBugReporterOnCrash: 0, Is64bit: 1, IsPro: 0

 COMMAND LINE ARGUMENTS:
D:\UnityProjects-toghrul\2020.3.8f1\Editor\Unity.exe
-adb2
-batchMode
-noUpm
-name
AssetImportWorker0
-projectPath
D:/UnityProjects-toghrul/git/Chicken2d
-logFile
Logs/AssetImportWorker0.log
-srvPort
50667
Successfully changed project path to: D:/UnityProjects-toghrul/git/Chicken2d
D:/UnityProjects-toghrul/git/Chicken2d
Using Asset Import Pipeline V2.
Refreshing native plugins compatible for Editor in 49.31 ms, found 1 plugins.
Preloading 0 native plugins for Editor in 0.00 ms.
Initialize engine version: 2020.3.8f1 (507919d4fff5)
[Subsystems] Discovering subsystems at path D:/UnityProjects-toghrul/2020.3.8f1/Editor/Data/Resources/UnitySubsystems
[Subsystems] Discovering subsystems at path D:/UnityProjects-toghrul/git/Chicken2d/Assets
GfxDevice: creating device client; threaded=0
Direct3D:
    Version:  Direct3D 11.0 [level 11.1]
    Renderer: NVIDIA GeForce GTX 1060 6GB (ID=0x1c03)
    Vendor:   
    VRAM:     6052 MB
    Driver:   25.21.14.1634
Initialize mono
Mono path[0] = 'D:/UnityProjects-toghrul/2020.3.8f1/Editor/Data/Managed'
Mono path[1] = 'D:/UnityProjects-toghrul/2020.3.8f1/Editor/Data/MonoBleedingEdge/lib/mono/unityjit'
Mono config path = 'D:/UnityProjects-toghrul/2020.3.8f1/Editor/Data/MonoBleedingEdge/etc'
Using monoOptions --debugger-agent=transport=dt_socket,embedding=1,server=y,suspend=n,address=127.0.0.1:56532
Begin MonoManager ReloadAssembly
Registering precompiled unity dll's ...
Register platform support module: D:/UnityProjects-toghrul/2020.3.8f1/Editor/Data/PlaybackEngines/WindowsStandaloneSupport/UnityEditor.WindowsStandalone.Extensions.dll
Registered in 0.001446 seconds.
Native extension for WindowsStandalone target not found
Refreshing native plugins compatible for Editor in 53.10 ms, found 1 plugins.
Preloading 0 native plugins for Editor in 0.00 ms.
Mono: successfully reloaded assembly
- Completed reload, in  0.840 seconds
Platform modules already initialized, skipping
Registering precompiled user dll's ...
Registered in 0.004390 seconds.
Begin MonoManager ReloadAssembly
Native extension for WindowsStandalone target not found
Refreshing native plugins compatible for Editor in 48.94 ms, found 1 plugins.
Preloading 0 native plugins for Editor in 0.00 ms.
Mono: successfully reloaded assembly
- Completed reload, in  1.956 seconds
Platform modules already initialized, skipping
========================================================================
Worker process is ready to serve import requests
Launched and connected shader compiler UnityShaderCompiler.exe after 0.07 seconds
Refreshing native plugins compatible for Editor in 0.57 ms, found 1 plugins.
Preloading 0 native plugins for Editor in 0.00 ms.
Unloading 2337 Unused Serialized files (Serialized files now loaded: 0)
System memory in use before: 113.9 MB.
System memory in use after: 114.1 MB.

Unloading 48 unused Assets to reduce memory usage. Loaded Objects now: 2787.
Total: 6.011600 ms (FindLiveObjects: 0.233500 ms CreateObjectMapping: 0.078700 ms MarkObjects: 5.607400 ms  DeleteObjects: 0.090200 ms)

========================================================================
Received Import Request.
  path: Assets/Sprites/chicken.png
  artifactKey: Guid(c58f3c593d8f4f645930fb583d9747ee) Importer(815301076,1909f56bfc062723c751e8b465ee728b)
Start importing Assets/Sprites/chicken.png using Guid(c58f3c593d8f4f645930fb583d9747ee) Importer(815301076,1909f56bfc062723c751e8b465ee728b)  -> (artifact id: '22e525d843a6b8146e2e0ca7fccb0f25') in 0.261086 seconds
  Import took 0.277092 seconds .

========================================================================
Received Import Request.
  Time since last request: 172.964229 seconds.
  path: Assets/Sprites/chicken.png
  artifactKey: Guid(c58f3c593d8f4f645930fb583d9747ee) Importer(815301076,1909f56bfc062723c751e8b465ee728b)
Start importing Assets/Sprites/chicken.png using Guid(c58f3c593d8f4f645930fb583d9747ee) Importer(815301076,1909f56bfc062723c751e8b465ee728b)  -> (artifact id: 'fee55c33f175123651b0e179d9857e72') in 0.139449 seconds
  Import took 0.143564 seconds .

========================================================================
Received Import Request.
  Time since last request: 1317.182476 seconds.
  path: Assets/Resources/Platform_big.prefab
  artifactKey: Guid(cde4fadf341337949b18751405ef1235) Importer(815301076,1909f56bfc062723c751e8b465ee728b)
Start importing Assets/Resources/Platform_big.prefab using Guid(cde4fadf341337949b18751405ef1235) Importer(815301076,1909f56bfc062723c751e8b465ee728b)  -> (artifact id: '9887ffc48fa91da473213f3f4e9c437e') in 0.074858 seconds
  Import took 0.079090 seconds .

========================================================================
Received Import Request.
  Time since last request: 108.477405 seconds.
  path: Assets/Resources/Platform_small 1.prefab
  artifactKey: Guid(eafc7ac63ea55f04e9ae47316078a714) Importer(815301076,1909f56bfc062723c751e8b465ee728b)
Start importing Assets/Resources/Platform_small 1.prefab using Guid(eafc7ac63ea55f04e9ae47316078a714) Importer(815301076,1909f56bfc062723c751e8b465ee728b)  -> (artifact id: '6fe2a440cb49032bfdb837a8e4c266a2') in 0.009363 seconds
  Import took 0.013123 seconds .

========================================================================
Received Import Request.
  Time since last request: 213.469849 seconds.
  path: Assets/Resources/Platform_small 1.prefab
  artifactKey: Guid(eafc7ac63ea55f04e9ae47316078a714) Importer(815301076,1909f56bfc062723c751e8b465ee728b)
Start importing Assets/Resources/Platform_small 1.prefab using Guid(eafc7ac63ea55f04e9ae47316078a714) Importer(815301076,1909f56bfc062723c751e8b465ee728b)  -> (artifact id: '9140a5dbea09232063f2d3c6d2e696c5') in 0.025490 seconds
  Import took 0.029749 seconds .

========================================================================
Received Import Request.
  Time since last request: 14.195650 seconds.
  path: Assets/Resources/Platform_small.prefab
  artifactKey: Guid(eafc7ac63ea55f04e9ae47316078a714) Importer(815301076,1909f56bfc062723c751e8b465ee728b)
Start importing Assets/Resources/Platform_small.prefab using Guid(eafc7ac63ea55f04e9ae47316078a714) Importer(815301076,1909f56bfc062723c751e8b465ee728b)  -> (artifact id: '54a7f655621467bcdc7666479f8b0a60') in 0.011661 seconds
  Import took 0.016476 seconds .

========================================================================
Received Import Request.
  Time since last request: 1.862570 seconds.
  path: Assets/Resources/Platform_small 1.prefab
  artifactKey: Guid(71d1808221c06874da3d18d8854d0755) Importer(815301076,1909f56bfc062723c751e8b465ee728b)
Start importing Assets/Resources/Platform_small 1.prefab using Guid(71d1808221c06874da3d18d8854d0755) Importer(815301076,1909f56bfc062723c751e8b465ee728b)  -> (artifact id: 'b3f2dc1343631aa0aa45b1ed321210e7') in 0.007762 seconds
  Import took 0.011685 seconds .

========================================================================
Received Import Request.
  Time since last request: 21.957723 seconds.
  path: Assets/Resources/Platform_small.prefab
  artifactKey: Guid(eafc7ac63ea55f04e9ae47316078a714) Importer(815301076,1909f56bfc062723c751e8b465ee728b)
Start importing Assets/Resources/Platform_small.prefab using Guid(eafc7ac63ea55f04e9ae47316078a714) Importer(815301076,1909f56bfc062723c751e8b465ee728b)  -> (artifact id: 'b6480182d2a3f3487eeca48f7770bab0') in 0.008500 seconds
  Import took 0.012376 seconds .

========================================================================
Received Import Request.
  Time since last request: 4.140933 seconds.
  path: Assets/Resources/Platform_small.prefab
  artifactKey: Guid(71d1808221c06874da3d18d8854d0755) Importer(815301076,1909f56bfc062723c751e8b465ee728b)
Start importing Assets/Resources/Platform_small.prefab using Guid(71d1808221c06874da3d18d8854d0755) Importer(815301076,1909f56bfc062723c751e8b465ee728b)  -> (artifact id: 'b728c0b7b46f472ec43f06010f2e3ccd') in 0.008906 seconds
  Import took 0.012564 seconds .

========================================================================
Received Import Request.
  Time since last request: 2.890292 seconds.
  path: Assets/Resources/Platform_small.prefab
  artifactKey: Guid(71d1808221c06874da3d18d8854d0755) Importer(815301076,1909f56bfc062723c751e8b465ee728b)
Start importing Assets/Resources/Platform_small.prefab using Guid(71d1808221c06874da3d18d8854d0755) Importer(815301076,1909f56bfc062723c751e8b465ee728b)  -> (artifact id: 'cba5ed491a9c0ddf6aa9b1c63aad6ea5') in 0.008277 seconds
  Import took 0.012159 seconds .

========================================================================
Received Import Request.
  Time since last request: 152.830076 seconds.
  path: Assets/Resources/egg.prefab
  artifactKey: Guid(17569a852cf1d454f8f4b624e48f83dc) Importer(815301076,1909f56bfc062723c751e8b465ee728b)
Start importing Assets/Resources/egg.prefab using Guid(17569a852cf1d454f8f4b624e48f83dc) Importer(815301076,1909f56bfc062723c751e8b465ee728b)  -> (artifact id: '030e831c3eb534c5795317f49f6eacf1') in 0.032738 seconds
  Import took 0.042364 seconds .

========================================================================
Received Import Request.
  Time since last request: 0.048418 seconds.
  path: Assets/Resources/egg.prefab
  artifactKey: Guid(17569a852cf1d454f8f4b624e48f83dc) Importer(815301076,1909f56bfc062723c751e8b465ee728b)
Start importing Assets/Resources/egg.prefab using Guid(17569a852cf1d454f8f4b624e48f83dc) Importer(815301076,1909f56bfc062723c751e8b465ee728b)  -> (artifact id: '030e831c3eb534c5795317f49f6eacf1') in 0.006087 seconds
  Import took 0.010054 seconds .

========================================================================
Received Prepare
Registering precompiled user dll's ...
Registered in 0.002679 seconds.
Begin MonoManager ReloadAssembly
Native extension for WindowsStandalone target not found
Refreshing native plugins compatible for Editor in 0.61 ms, found 1 plugins.
Preloading 0 native plugins for Editor in 0.00 ms.
Mono: successfully reloaded assembly
- Completed reload, in  1.247 seconds
Platform modules already initialized, skipping
Refreshing native plugins compatible for Editor in 0.58 ms, found 1 plugins.
Preloading 0 native plugins for Editor in 0.00 ms.
Unloading 2325 Unused Serialized files (Serialized files now loaded: 0)
System memory in use before: 116.4 MB.
System memory in use after: 116.6 MB.

Unloading 36 unused Assets to reduce memory usage. Loaded Objects now: 2899.
Total: 9.880400 ms (FindLiveObjects: 0.346800 ms CreateObjectMapping: 0.158000 ms MarkObjects: 9.340100 ms  DeleteObjects: 0.033800 ms)

========================================================================
Received Prepare
Registering precompiled user dll's ...
Registered in 0.002324 seconds.
Begin MonoManager ReloadAssembly
Native extension for WindowsStandalone target not found
Refreshing native plugins compatible for Editor in 0.57 ms, found 1 plugins.
Preloading 0 native plugins for Editor in 0.00 ms.
Mono: successfully reloaded assembly
- Completed reload, in  0.958 seconds
Platform modules already initialized, skipping
Refreshing native plugins compatible for Editor in 0.59 ms, found 1 plugins.
Preloading 0 native plugins for Editor in 0.00 ms.
Unloading 2325 Unused Serialized files (Serialized files now loaded: 0)
System memory in use before: 116.4 MB.
System memory in use after: 116.6 MB.

Unloading 36 unused Assets to reduce memory usage. Loaded Objects now: 2903.
Total: 5.576700 ms (FindLiveObjects: 0.241200 ms CreateObjectMapping: 0.083600 ms MarkObjects: 5.229500 ms  DeleteObjects: 0.021100 ms)

========================================================================
Received Prepare
Registering precompiled user dll's ...
Registered in 0.002259 seconds.
Begin MonoManager ReloadAssembly
Native extension for WindowsStandalone target not found
Refreshing native plugins compatible for Editor in 0.72 ms, found 1 plugins.
Preloading 0 native plugins for Editor in 0.00 ms.
Mono: successfully reloaded assembly
- Completed reload, in  0.877 seconds
Platform modules already initialized, skipping
Refreshing native plugins compatible for Editor in 0.91 ms, found 1 plugins.
Preloading 0 native plugins for Editor in 0.00 ms.
Unloading 2325 Unused Serialized files (Serialized files now loaded: 0)
System memory in use before: 116.4 MB.
System memory in use after: 116.7 MB.

Unloading 36 unused Assets to reduce memory usage. Loaded Objects now: 2907.
Total: 6.059700 ms (FindLiveObjects: 0.232900 ms CreateObjectMapping: 0.083200 ms MarkObjects: 5.700700 ms  DeleteObjects: 0.041600 ms)

========================================================================
Received Import Request.
  Time since last request: 151.014868 seconds.
  path: Assets/Resources/egg.prefab
  artifactKey: Guid(17569a852cf1d454f8f4b624e48f83dc) Importer(815301076,1909f56bfc062723c751e8b465ee728b)
Start importing Assets/Resources/egg.prefab using Guid(17569a852cf1d454f8f4b624e48f83dc) Importer(815301076,1909f56bfc062723c751e8b465ee728b)  -> (artifact id: '72243a2b091dbb7a62f2a4f9a11e5601') in 0.061794 seconds
  Import took 0.085866 seconds .

========================================================================
Received Import Request.
  Time since last request: 0.000984 seconds.
  path: Assets/Resources/egg.prefab
  artifactKey: Guid(17569a852cf1d454f8f4b624e48f83dc) Importer(815301076,1909f56bfc062723c751e8b465ee728b)
Start importing Assets/Resources/egg.prefab using Guid(17569a852cf1d454f8f4b624e48f83dc) Importer(815301076,1909f56bfc062723c751e8b465ee728b)  -> (artifact id: '72243a2b091dbb7a62f2a4f9a11e5601') in 0.007480 seconds
  Import took 0.010748 seconds .

========================================================================
Received Prepare
Registering precompiled user dll's ...
Registered in 0.002610 seconds.
Begin MonoManager ReloadAssembly
Native extension for WindowsStandalone target not found
Refreshing native plugins compatible for Editor in 0.58 ms, found 1 plugins.
Preloading 0 native plugins for Editor in 0.00 ms.
Mono: successfully reloaded assembly
- Completed reload, in  1.175 seconds
Platform modules already initialized, skipping
Refreshing native plugins compatible for Editor in 0.59 ms, found 1 plugins.
Preloading 0 native plugins for Editor in 0.00 ms.
Unloading 2325 Unused Serialized files (Serialized files now loaded: 0)
System memory in use before: 116.5 MB.
System memory in use after: 116.7 MB.

Unloading 36 unused Assets to reduce memory usage. Loaded Objects now: 2912.
Total: 5.332600 ms (FindLiveObjects: 0.232400 ms CreateObjectMapping: 0.084900 ms MarkObjects: 4.993200 ms  DeleteObjects: 0.020700 ms)

========================================================================
Received Prepare
Registering precompiled user dll's ...
Registered in 0.002487 seconds.
Begin MonoManager ReloadAssembly
Native extension for WindowsStandalone target not found
Refreshing native plugins compatible for Editor in 0.57 ms, found 1 plugins.
Preloading 0 native plugins for Editor in 0.00 ms.
Mono: successfully reloaded assembly
- Completed reload, in  0.919 seconds
Platform modules already initialized, skipping
Refreshing native plugins compatible for Editor in 0.60 ms, found 1 plugins.
Preloading 0 native plugins for Editor in 0.00 ms.
Unloading 2325 Unused Serialized files (Serialized files now loaded: 0)
System memory in use before: 116.5 MB.
System memory in use after: 116.7 MB.

Unloading 36 unused Assets to reduce memory usage. Loaded Objects now: 2916.
Total: 5.585600 ms (FindLiveObjects: 0.243400 ms CreateObjectMapping: 0.095400 ms MarkObjects: 5.206300 ms  DeleteObjects: 0.039400 ms)

========================================================================
Received Prepare
Registering precompiled user dll's ...
Registered in 0.002337 seconds.
Begin MonoManager ReloadAssembly
Native extension for WindowsStandalone target not found
Refreshing native plugins compatible for Editor in 0.59 ms, found 1 plugins.
Preloading 0 native plugins for Editor in 0.00 ms.
Mono: successfully reloaded assembly
- Completed reload, in  0.879 seconds
Platform modules already initialized, skipping
Refreshing native plugins compatible for Editor in 0.60 ms, found 1 plugins.
Preloading 0 native plugins for Editor in 0.00 ms.
Unloading 2325 Unused Serialized files (Serialized files now loaded: 0)
System memory in use before: 116.5 MB.
System memory in use after: 116.7 MB.

Unloading 36 unused Assets to reduce memory usage. Loaded Objects now: 2920.
Total: 5.398900 ms (FindLiveObjects: 0.230400 ms CreateObjectMapping: 0.076900 ms MarkObjects: 5.072200 ms  DeleteObjects: 0.018600 ms)

========================================================================
Received Import Request.
  Time since last request: 453.276655 seconds.
  path: Assets/Resources/DOTweenSettings.asset
  artifactKey: Guid(15eec0e6834a4c34297aba35cae6f5a5) Importer(815301076,1909f56bfc062723c751e8b465ee728b)
Start importing Assets/Resources/DOTweenSettings.asset using Guid(15eec0e6834a4c34297aba35cae6f5a5) Importer(815301076,1909f56bfc062723c751e8b465ee728b)  -> (artifact id: '37e01b8af9b18e2a05f7ab680dd331fb') in 0.034412 seconds
  Import took 0.069375 seconds .

========================================================================
Received Import Request.
  Time since last request: 0.000288 seconds.
  path: Assets/Resources/egg.prefab
  artifactKey: Guid(17569a852cf1d454f8f4b624e48f83dc) Importer(815301076,1909f56bfc062723c751e8b465ee728b)
Start importing Assets/Resources/egg.prefab using Guid(17569a852cf1d454f8f4b624e48f83dc) Importer(815301076,1909f56bfc062723c751e8b465ee728b)  -> (artifact id: '4c32e782b6fbf159836f5948a34388ac') in 0.051952 seconds
  Import took 0.055406 seconds .

========================================================================
Received Import Request.
  Time since last request: 0.000278 seconds.
  path: Assets/Resources/Platform_small.prefab
  artifactKey: Guid(71d1808221c06874da3d18d8854d0755) Importer(815301076,1909f56bfc062723c751e8b465ee728b)
Start importing Assets/Resources/Platform_small.prefab using Guid(71d1808221c06874da3d18d8854d0755) Importer(815301076,1909f56bfc062723c751e8b465ee728b)  -> (artifact id: 'a1b6a71437f3160e62352d772bf1b05e') in 0.008869 seconds
  Import took 0.035219 seconds .

========================================================================
Received Prepare
Registering precompiled user dll's ...
Registered in 0.002286 seconds.
Begin MonoManager ReloadAssembly
Native extension for WindowsStandalone target not found
Refreshing native plugins compatible for Editor in 0.63 ms, found 1 plugins.
Preloading 0 native plugins for Editor in 0.00 ms.
Mono: successfully reloaded assembly
- Completed reload, in  0.851 seconds
Platform modules already initialized, skipping
Refreshing native plugins compatible for Editor in 0.60 ms, found 1 plugins.
Preloading 0 native plugins for Editor in 0.00 ms.
Unloading 2325 Unused Serialized files (Serialized files now loaded: 0)
System memory in use before: 116.6 MB.
System memory in use after: 116.8 MB.

Unloading 36 unused Assets to reduce memory usage. Loaded Objects now: 2925.
Total: 5.627700 ms (FindLiveObjects: 0.244800 ms CreateObjectMapping: 0.081400 ms MarkObjects: 5.251000 ms  DeleteObjects: 0.049300 ms)

========================================================================
Received Prepare
Registering precompiled user dll's ...
Registered in 0.002259 seconds.
Begin MonoManager ReloadAssembly
Native extension for WindowsStandalone target not found
Refreshing native plugins compatible for Editor in 0.62 ms, found 1 plugins.
Preloading 0 native plugins for Editor in 0.00 ms.
Mono: successfully reloaded assembly
- Completed reload, in  0.865 seconds
Platform modules already initialized, skipping
Refreshing native plugins compatible for Editor in 0.62 ms, found 1 plugins.
Preloading 0 native plugins for Editor in 0.00 ms.
Unloading 2325 Unused Serialized files (Serialized files now loaded: 0)
System memory in use before: 116.6 MB.
System memory in use after: 116.9 MB.

Unloading 36 unused Assets to reduce memory usage. Loaded Objects now: 2929.
Total: 5.397500 ms (FindLiveObjects: 0.240100 ms CreateObjectMapping: 0.077200 ms MarkObjects: 5.036800 ms  DeleteObjects: 0.042200 ms)

========================================================================
Received Prepare
Registering precompiled user dll's ...
Registered in 0.002319 seconds.
Begin MonoManager ReloadAssembly
Native extension for WindowsStandalone target not found
Refreshing native plugins compatible for Editor in 0.58 ms, found 1 plugins.
Preloading 0 native plugins for Editor in 0.00 ms.
Mono: successfully reloaded assembly
- Completed reload, in  0.855 seconds
Platform modules already initialized, skipping
Refreshing native plugins compatible for Editor in 0.61 ms, found 1 plugins.
Preloading 0 native plugins for Editor in 0.00 ms.
Unloading 2325 Unused Serialized files (Serialized files now loaded: 0)
System memory in use before: 116.6 MB.
System memory in use after: 116.9 MB.

Unloading 36 unused Assets to reduce memory usage. Loaded Objects now: 2933.
Total: 5.122900 ms (FindLiveObjects: 0.241500 ms CreateObjectMapping: 0.170400 ms MarkObjects: 4.672800 ms  DeleteObjects: 0.037000 ms)

========================================================================
Received Prepare
Registering precompiled user dll's ...
Registered in 0.002281 seconds.
Begin MonoManager ReloadAssembly
Native extension for WindowsStandalone target not found
Refreshing native plugins compatible for Editor in 0.89 ms, found 1 plugins.
Preloading 0 native plugins for Editor in 0.00 ms.
Mono: successfully reloaded assembly
- Completed reload, in  1.010 seconds
Platform modules already initialized, skipping
Refreshing native plugins compatible for Editor in 1.13 ms, found 1 plugins.
Preloading 0 native plugins for Editor in 0.00 ms.
Unloading 2325 Unused Serialized files (Serialized files now loaded: 0)
System memory in use before: 116.7 MB.
System memory in use after: 116.9 MB.

Unloading 36 unused Assets to reduce memory usage. Loaded Objects now: 2937.
Total: 7.043600 ms (FindLiveObjects: 0.239000 ms CreateObjectMapping: 0.104200 ms MarkObjects: 6.664000 ms  DeleteObjects: 0.035000 ms)

========================================================================
Received Import Request.
  Time since last request: 388.998539 seconds.
  path: Assets/Resources/BrickDrop.prefab
  artifactKey: Guid(ea526f6c8f758024d82e3ca8a7a7a8ba) Importer(815301076,1909f56bfc062723c751e8b465ee728b)
Start importing Assets/Resources/BrickDrop.prefab using Guid(ea526f6c8f758024d82e3ca8a7a7a8ba) Importer(815301076,1909f56bfc062723c751e8b465ee728b)  -> (artifact id: 'b7e763c607732c95a6a4e48c8ef791f8') in 0.101186 seconds
  Import took 0.105973 seconds .

========================================================================
Received Import Request.
  Time since last request: 444.208363 seconds.
  path: Assets/Resources/Platform_small.prefab
  artifactKey: Guid(71d1808221c06874da3d18d8854d0755) Importer(815301076,1909f56bfc062723c751e8b465ee728b)
Start importing Assets/Resources/Platform_small.prefab using Guid(71d1808221c06874da3d18d8854d0755) Importer(815301076,1909f56bfc062723c751e8b465ee728b)  -> (artifact id: 'e2d84e737797d6d7ff32ceef55f02a67') in 0.019234 seconds
  Import took 0.023457 seconds .

========================================================================
Received Prepare
Registering precompiled user dll's ...
Registered in 0.002377 seconds.
Begin MonoManager ReloadAssembly
Native extension for WindowsStandalone target not found
Refreshing native plugins compatible for Editor in 0.60 ms, found 1 plugins.
Preloading 0 native plugins for Editor in 0.00 ms.
Mono: successfully reloaded assembly
- Completed reload, in  1.030 seconds
Platform modules already initialized, skipping
Refreshing native plugins compatible for Editor in 0.67 ms, found 1 plugins.
Preloading 0 native plugins for Editor in 0.00 ms.
Unloading 2325 Unused Serialized files (Serialized files now loaded: 0)
System memory in use before: 116.6 MB.
System memory in use after: 116.8 MB.

Unloading 36 unused Assets to reduce memory usage. Loaded Objects now: 2942.
Total: 5.670200 ms (FindLiveObjects: 0.242900 ms CreateObjectMapping: 0.111100 ms MarkObjects: 5.264700 ms  DeleteObjects: 0.050300 ms)

========================================================================
Received Import Request.
  Time since last request: 19.119749 seconds.
  path: Assets/Resources/Platform_small.prefab
  artifactKey: Guid(71d1808221c06874da3d18d8854d0755) Importer(815301076,1909f56bfc062723c751e8b465ee728b)
Start importing Assets/Resources/Platform_small.prefab using Guid(71d1808221c06874da3d18d8854d0755) Importer(815301076,1909f56bfc062723c751e8b465ee728b)  -> (artifact id: '1f5e70f3f29ece2946b90c9d07214f40') in 0.061447 seconds
  Import took 0.075063 seconds .

========================================================================
Received Import Request.
  Time since last request: 0.557369 seconds.
  path: Assets/Resources/Platform_small.prefab
  artifactKey: Guid(71d1808221c06874da3d18d8854d0755) Importer(815301076,1909f56bfc062723c751e8b465ee728b)
Start importing Assets/Resources/Platform_small.prefab using Guid(71d1808221c06874da3d18d8854d0755) Importer(815301076,1909f56bfc062723c751e8b465ee728b)  -> (artifact id: '77c9755d42b6df8c50b7cae238ae3b21') in 0.027426 seconds
  Import took 0.046637 seconds .

========================================================================
Received Import Request.
  Time since last request: 0.766406 seconds.
  path: Assets/Resources/Platform_small.prefab
  artifactKey: Guid(71d1808221c06874da3d18d8854d0755) Importer(815301076,1909f56bfc062723c751e8b465ee728b)
Start importing Assets/Resources/Platform_small.prefab using Guid(71d1808221c06874da3d18d8854d0755) Importer(815301076,1909f56bfc062723c751e8b465ee728b)  -> (artifact id: 'e60a637341acbf38de03ba58cd291297') in 0.011646 seconds
  Import took 0.016451 seconds .

========================================================================
Received Import Request.
  Time since last request: 8.373169 seconds.
  path: Assets/Resources/Platform_small.prefab
  artifactKey: Guid(71d1808221c06874da3d18d8854d0755) Importer(815301076,1909f56bfc062723c751e8b465ee728b)
Start importing Assets/Resources/Platform_small.prefab using Guid(71d1808221c06874da3d18d8854d0755) Importer(815301076,1909f56bfc062723c751e8b465ee728b)  -> (artifact id: '4406159753c32f26fcba93e9a293db65') in 0.010158 seconds
  Import took 0.014895 seconds .

========================================================================
Received Import Request.
  Time since last request: 23.665715 seconds.
  path: Assets/Resources/Platform_small.prefab
  artifactKey: Guid(71d1808221c06874da3d18d8854d0755) Importer(815301076,1909f56bfc062723c751e8b465ee728b)
Start importing Assets/Resources/Platform_small.prefab using Guid(71d1808221c06874da3d18d8854d0755) Importer(815301076,1909f56bfc062723c751e8b465ee728b)  -> (artifact id: 'c968b18ab04edd47029c2f9fad4cc014') in 0.010532 seconds
  Import took 0.025198 seconds .

========================================================================
Received Import Request.
  Time since last request: 16.136189 seconds.
  path: Assets/Resources/Platform_small.prefab
  artifactKey: Guid(71d1808221c06874da3d18d8854d0755) Importer(815301076,1909f56bfc062723c751e8b465ee728b)
Start importing Assets/Resources/Platform_small.prefab using Guid(71d1808221c06874da3d18d8854d0755) Importer(815301076,1909f56bfc062723c751e8b465ee728b)  -> (artifact id: '20b0e65b0eee04175ffcd44f5e59c3a0') in 0.012117 seconds
  Import took 0.016412 seconds .

========================================================================
Received Prepare
Registering precompiled user dll's ...
Registered in 0.002384 seconds.
Begin MonoManager ReloadAssembly
Native extension for WindowsStandalone target not found
Refreshing native plugins compatible for Editor in 1.12 ms, found 1 plugins.
Preloading 0 native plugins for Editor in 0.00 ms.
Mono: successfully reloaded assembly
- Completed reload, in  0.860 seconds
Platform modules already initialized, skipping
Refreshing native plugins compatible for Editor in 0.97 ms, found 1 plugins.
Preloading 0 native plugins for Editor in 0.00 ms.
Unloading 2325 Unused Serialized files (Serialized files now loaded: 0)
System memory in use before: 116.6 MB.
System memory in use after: 116.8 MB.

Unloading 36 unused Assets to reduce memory usage. Loaded Objects now: 2947.
Total: 6.040200 ms (FindLiveObjects: 0.349000 ms CreateObjectMapping: 0.167700 ms MarkObjects: 5.480500 ms  DeleteObjects: 0.041700 ms)

========================================================================
Received Prepare
Registering precompiled user dll's ...
Registered in 0.002547 seconds.
Begin MonoManager ReloadAssembly
Native extension for WindowsStandalone target not found
Refreshing native plugins compatible for Editor in 0.59 ms, found 1 plugins.
Preloading 0 native plugins for Editor in 0.00 ms.
Mono: successfully reloaded assembly
- Completed reload, in  0.863 seconds
Platform modules already initialized, skipping
Refreshing native plugins compatible for Editor in 0.59 ms, found 1 plugins.
Preloading 0 native plugins for Editor in 0.00 ms.
Unloading 2325 Unused Serialized files (Serialized files now loaded: 0)
System memory in use before: 116.6 MB.
System memory in use after: 116.8 MB.

Unloading 36 unused Assets to reduce memory usage. Loaded Objects now: 2951.
Total: 5.502100 ms (FindLiveObjects: 0.303200 ms CreateObjectMapping: 0.087700 ms MarkObjects: 5.087300 ms  DeleteObjects: 0.022500 ms)

========================================================================
Received Prepare
Registering precompiled user dll's ...
Registered in 0.002241 seconds.
Begin MonoManager ReloadAssembly
Native extension for WindowsStandalone target not found
Refreshing native plugins compatible for Editor in 0.64 ms, found 1 plugins.
Preloading 0 native plugins for Editor in 0.00 ms.
Mono: successfully reloaded assembly
- Completed reload, in  0.856 seconds
Platform modules already initialized, skipping
Refreshing native plugins compatible for Editor in 0.60 ms, found 1 plugins.
Preloading 0 native plugins for Editor in 0.00 ms.
Unloading 2325 Unused Serialized files (Serialized files now loaded: 0)
System memory in use before: 116.7 MB.
System memory in use after: 116.9 MB.

Unloading 36 unused Assets to reduce memory usage. Loaded Objects now: 2955.
Total: 6.026900 ms (FindLiveObjects: 0.284200 ms CreateObjectMapping: 0.097200 ms MarkObjects: 5.601900 ms  DeleteObjects: 0.042500 ms)

========================================================================
Received Prepare
Registering precompiled user dll's ...
Registered in 0.002423 seconds.
Begin MonoManager ReloadAssembly
Native extension for WindowsStandalone target not found
Refreshing native plugins compatible for Editor in 1.22 ms, found 1 plugins.
Preloading 0 native plugins for Editor in 0.00 ms.
Mono: successfully reloaded assembly
- Completed reload, in  1.581 seconds
Platform modules already initialized, skipping
Refreshing native plugins compatible for Editor in 0.59 ms, found 1 plugins.
Preloading 0 native plugins for Editor in 0.00 ms.
Unloading 2325 Unused Serialized files (Serialized files now loaded: 0)
System memory in use before: 116.7 MB.
System memory in use after: 116.9 MB.

Unloading 36 unused Assets to reduce memory usage. Loaded Objects now: 2959.
Total: 5.800200 ms (FindLiveObjects: 0.227200 ms CreateObjectMapping: 0.235400 ms MarkObjects: 5.286700 ms  DeleteObjects: 0.050000 ms)

========================================================================
Received Import Request.
  Time since last request: 1143.996181 seconds.
  path: Assets/Resources/Platform_small.prefab
  artifactKey: Guid(71d1808221c06874da3d18d8854d0755) Importer(815301076,1909f56bfc062723c751e8b465ee728b)
Start importing Assets/Resources/Platform_small.prefab using Guid(71d1808221c06874da3d18d8854d0755) Importer(815301076,1909f56bfc062723c751e8b465ee728b)  -> (artifact id: '2559478a92a976ae5508e7fcec4f1c19') in 0.061862 seconds
  Import took 0.065906 seconds .

========================================================================
Received Import Request.
  Time since last request: 89.149187 seconds.
  path: Assets/Resources/Platform_small1.prefab
  artifactKey: Guid(2d0d86ba9d0d06b4892d04b02556fc0f) Importer(815301076,1909f56bfc062723c751e8b465ee728b)
Start importing Assets/Resources/Platform_small1.prefab using Guid(2d0d86ba9d0d06b4892d04b02556fc0f) Importer(815301076,1909f56bfc062723c751e8b465ee728b)  -> (artifact id: '950ce1e3d937a33dc4b4d83ef6748320') in 0.009359 seconds
  Import took 0.017096 seconds .

========================================================================
Received Import Request.
  Time since last request: 92.284610 seconds.
  path: Assets/Resources/Platform_small1.prefab
  artifactKey: Guid(2d0d86ba9d0d06b4892d04b02556fc0f) Importer(815301076,1909f56bfc062723c751e8b465ee728b)
Start importing Assets/Resources/Platform_small1.prefab using Guid(2d0d86ba9d0d06b4892d04b02556fc0f) Importer(815301076,1909f56bfc062723c751e8b465ee728b)  -> (artifact id: 'ef9bc947ce87e6b0ed960549ab5e02c9') in 0.029024 seconds
  Import took 0.033406 seconds .

========================================================================
Received Import Request.
  Time since last request: 0.004203 seconds.
  path: Assets/Resources/Platform_small1.prefab
  artifactKey: Guid(2d0d86ba9d0d06b4892d04b02556fc0f) Importer(815301076,1909f56bfc062723c751e8b465ee728b)
Start importing Assets/Resources/Platform_small1.prefab using Guid(2d0d86ba9d0d06b4892d04b02556fc0f) Importer(815301076,1909f56bfc062723c751e8b465ee728b)  -> (artifact id: 'ef9bc947ce87e6b0ed960549ab5e02c9') in 0.017774 seconds
  Import took 0.022114 seconds .

========================================================================
Received Import Request.
  Time since last request: 49.993647 seconds.
  path: Assets/Resources/Platform_small2.prefab
  artifactKey: Guid(065cee83122adc642be648465f8b7b17) Importer(815301076,1909f56bfc062723c751e8b465ee728b)
Start importing Assets/Resources/Platform_small2.prefab using Guid(065cee83122adc642be648465f8b7b17) Importer(815301076,1909f56bfc062723c751e8b465ee728b)  -> (artifact id: '80a7e94344450b22e1b0d847f8178542') in 0.019494 seconds
  Import took 0.023737 seconds .

========================================================================
Received Import Request.
  Time since last request: 89.011704 seconds.
  path: Assets/Resources/Platform_small3.prefab
  artifactKey: Guid(fc9efd2f0d0f239498b98cfa7f0009ff) Importer(815301076,1909f56bfc062723c751e8b465ee728b)
Start importing Assets/Resources/Platform_small3.prefab using Guid(fc9efd2f0d0f239498b98cfa7f0009ff) Importer(815301076,1909f56bfc062723c751e8b465ee728b)  -> (artifact id: '4b2a43ff673320c7e01d92b6cb667993') in 0.017143 seconds
  Import took 0.021785 seconds .

========================================================================
Received Prepare
Registering precompiled user dll's ...
Registered in 0.002316 seconds.
Begin MonoManager ReloadAssembly
Native extension for WindowsStandalone target not found
Refreshing native plugins compatible for Editor in 0.61 ms, found 1 plugins.
Preloading 0 native plugins for Editor in 0.00 ms.
Mono: successfully reloaded assembly
- Completed reload, in  1.133 seconds
Platform modules already initialized, skipping
Refreshing native plugins compatible for Editor in 0.65 ms, found 1 plugins.
Preloading 0 native plugins for Editor in 0.00 ms.
Unloading 2325 Unused Serialized files (Serialized files now loaded: 0)
System memory in use before: 116.7 MB.
System memory in use after: 116.9 MB.

Unloading 36 unused Assets to reduce memory usage. Loaded Objects now: 2964.
Total: 6.305400 ms (FindLiveObjects: 0.253500 ms CreateObjectMapping: 0.106100 ms MarkObjects: 5.908700 ms  DeleteObjects: 0.035500 ms)

========================================================================
Received Import Request.
  Time since last request: 171.785880 seconds.
  path: Assets/Resources/Platform_small1.prefab
  artifactKey: Guid(2d0d86ba9d0d06b4892d04b02556fc0f) Importer(815301076,1909f56bfc062723c751e8b465ee728b)
Start importing Assets/Resources/Platform_small1.prefab using Guid(2d0d86ba9d0d06b4892d04b02556fc0f) Importer(815301076,1909f56bfc062723c751e8b465ee728b)  -> (artifact id: 'ac6df93dc18d96a5817842b25513736f') in 0.055099 seconds
  Import took 0.058994 seconds .

========================================================================
Received Import Request.
  Time since last request: 2.300546 seconds.
  path: Assets/Resources/Platform_small1.prefab
  artifactKey: Guid(2d0d86ba9d0d06b4892d04b02556fc0f) Importer(815301076,1909f56bfc062723c751e8b465ee728b)
Start importing Assets/Resources/Platform_small1.prefab using Guid(2d0d86ba9d0d06b4892d04b02556fc0f) Importer(815301076,1909f56bfc062723c751e8b465ee728b)  -> (artifact id: '62457e30a4df673ce183790dded566c6') in 0.019513 seconds
  Import took 0.024327 seconds .

========================================================================
Received Import Request.
  Time since last request: 374.365382 seconds.
  path: Assets/Resources/coin.prefab
  artifactKey: Guid(bf75590de4902284b8903af5a05a2e7f) Importer(815301076,1909f56bfc062723c751e8b465ee728b)
Start importing Assets/Resources/coin.prefab using Guid(bf75590de4902284b8903af5a05a2e7f) Importer(815301076,1909f56bfc062723c751e8b465ee728b) The Animator Controller (chicken_12) you have used is not valid. Animations will not play
UnityEngine.StackTraceUtility:ExtractStackTrace ()
UnityEditor.EditorUtility:Internal_InstantiateRemoveAllNonAnimationComponentsSingle (UnityEngine.Object,UnityEngine.Vector3,UnityEngine.Quaternion)
UnityEditor.EditorUtility:InstantiateRemoveAllNonAnimationComponents (UnityEngine.Object,UnityEngine.Vector3,UnityEngine.Quaternion)
UnityEditor.EditorUtility:InstantiateForAnimatorPreview (UnityEngine.Object)
UnityEditor.GameObjectInspector/PreviewData:UpdateGameObject (UnityEngine.Object)
UnityEditor.GameObjectInspector/PreviewData:.ctor (UnityEngine.Object)
UnityEditor.GameObjectInspector:GetPreviewData ()
UnityEditor.GameObjectInspector:RenderStaticPreview (string,UnityEngine.Object[],int,int)
UnityEditor.AssetPreviewUpdater:CreatePreviewForAsset (UnityEngine.Object,UnityEngine.Object[],string)

[C:\buildslave\unity\build\Modules/Animation/Director/AnimatorControllerPlayable.cpp line 333]

The Animator Controller (chicken_12) you have used is not valid. Animations will not play
UnityEngine.StackTraceUtility:ExtractStackTrace ()
UnityEditor.EditorUtility:InitInstantiatedPreviewRecursive (UnityEngine.GameObject)
UnityEditor.EditorUtility:InstantiateForAnimatorPreview (UnityEngine.Object)
UnityEditor.GameObjectInspector/PreviewData:UpdateGameObject (UnityEngine.Object)
UnityEditor.GameObjectInspector/PreviewData:.ctor (UnityEngine.Object)
UnityEditor.GameObjectInspector:GetPreviewData ()
UnityEditor.GameObjectInspector:RenderStaticPreview (string,UnityEngine.Object[],int,int)
UnityEditor.AssetPreviewUpdater:CreatePreviewForAsset (UnityEngine.Object,UnityEngine.Object[],string)

[C:\buildslave\unity\build\Modules/Animation/Director/AnimatorControllerPlayable.cpp line 333]

 -> (artifact id: 'd6331d89aadedb88225d282bfd3fc554') in 0.060137 seconds
  Import took 0.078478 seconds .

========================================================================
Received Import Request.
  Time since last request: 0.000319 seconds.
  path: Assets/Resources/Platform_small.prefab
  artifactKey: Guid(71d1808221c06874da3d18d8854d0755) Importer(815301076,1909f56bfc062723c751e8b465ee728b)
Start importing Assets/Resources/Platform_small.prefab using Guid(71d1808221c06874da3d18d8854d0755) Importer(815301076,1909f56bfc062723c751e8b465ee728b)  -> (artifact id: '8d1297f472a2ef3821621f481e59df08') in 0.018312 seconds
  Import took 0.028516 seconds .

========================================================================
Received Import Request.
  Time since last request: 0.000297 seconds.
  path: Assets/Resources/coin.prefab
  artifactKey: Guid(bf75590de4902284b8903af5a05a2e7f) Importer(815301076,1909f56bfc062723c751e8b465ee728b)
Start importing Assets/Resources/coin.prefab using Guid(bf75590de4902284b8903af5a05a2e7f) Importer(815301076,1909f56bfc062723c751e8b465ee728b) The Animator Controller (chicken_12) you have used is not valid. Animations will not play
UnityEngine.StackTraceUtility:ExtractStackTrace ()
UnityEditor.EditorUtility:Internal_InstantiateRemoveAllNonAnimationComponentsSingle (UnityEngine.Object,UnityEngine.Vector3,UnityEngine.Quaternion)
UnityEditor.EditorUtility:InstantiateRemoveAllNonAnimationComponents (UnityEngine.Object,UnityEngine.Vector3,UnityEngine.Quaternion)
UnityEditor.EditorUtility:InstantiateForAnimatorPreview (UnityEngine.Object)
UnityEditor.GameObjectInspector/PreviewData:UpdateGameObject (UnityEngine.Object)
UnityEditor.GameObjectInspector/PreviewData:.ctor (UnityEngine.Object)
UnityEditor.GameObjectInspector:GetPreviewData ()
UnityEditor.GameObjectInspector:RenderStaticPreview (string,UnityEngine.Object[],int,int)
UnityEditor.AssetPreviewUpdater:CreatePreviewForAsset (UnityEngine.Object,UnityEngine.Object[],string)

[C:\buildslave\unity\build\Modules/Animation/Director/AnimatorControllerPlayable.cpp line 333]

The Animator Controller (chicken_12) you have used is not valid. Animations will not play
UnityEngine.StackTraceUtility:ExtractStackTrace ()
UnityEditor.EditorUtility:InitInstantiatedPreviewRecursive (UnityEngine.GameObject)
UnityEditor.EditorUtility:InstantiateForAnimatorPreview (UnityEngine.Object)
UnityEditor.GameObjectInspector/PreviewData:UpdateGameObject (UnityEngine.Object)
UnityEditor.GameObjectInspector/PreviewData:.ctor (UnityEngine.Object)
UnityEditor.GameObjectInspector:GetPreviewData ()
UnityEditor.GameObjectInspector:RenderStaticPreview (string,UnityEngine.Object[],int,int)
UnityEditor.AssetPreviewUpdater:CreatePreviewForAsset (UnityEngine.Object,UnityEngine.Object[],string)

[C:\buildslave\unity\build\Modules/Animation/Director/AnimatorControllerPlayable.cpp line 333]

 -> (artifact id: 'd6331d89aadedb88225d282bfd3fc554') in 0.007374 seconds
  Import took 0.010643 seconds .

========================================================================
Received Import Request.
  Time since last request: 9.790684 seconds.
  path: Assets/coin.anim
  artifactKey: Guid(f0c09e6685afd5749b6df2c3e3b03270) Importer(815301076,1909f56bfc062723c751e8b465ee728b)
Start importing Assets/coin.anim using Guid(f0c09e6685afd5749b6df2c3e3b03270) Importer(815301076,1909f56bfc062723c751e8b465ee728b)  -> (artifact id: 'a1b9e1130e8d21270283624507857fc0') in 0.009652 seconds
  Import took 0.020037 seconds .

========================================================================
Received Import Request.
  Time since last request: 0.084843 seconds.
  path: Assets/coin.anim
  artifactKey: Guid(f0c09e6685afd5749b6df2c3e3b03270) Importer(815301076,1909f56bfc062723c751e8b465ee728b)
Start importing Assets/coin.anim using Guid(f0c09e6685afd5749b6df2c3e3b03270) Importer(815301076,1909f56bfc062723c751e8b465ee728b)  -> (artifact id: 'a1b9e1130e8d21270283624507857fc0') in 0.008286 seconds
  Import took 0.022064 seconds .

========================================================================
Received Prepare
Registering precompiled user dll's ...
Registered in 0.002669 seconds.
Begin MonoManager ReloadAssembly
Native extension for WindowsStandalone target not found
Refreshing native plugins compatible for Editor in 0.58 ms, found 1 plugins.
Preloading 0 native plugins for Editor in 0.00 ms.
Mono: successfully reloaded assembly
- Completed reload, in  1.185 seconds
Platform modules already initialized, skipping
Refreshing native plugins compatible for Editor in 0.60 ms, found 1 plugins.
Preloading 0 native plugins for Editor in 0.00 ms.
Unloading 2325 Unused Serialized files (Serialized files now loaded: 0)
System memory in use before: 116.9 MB.
System memory in use after: 117.1 MB.

Unloading 36 unused Assets to reduce memory usage. Loaded Objects now: 2969.
Total: 5.567900 ms (FindLiveObjects: 0.233700 ms CreateObjectMapping: 0.086400 ms MarkObjects: 5.226600 ms  DeleteObjects: 0.020000 ms)

========================================================================
Received Prepare
Registering precompiled user dll's ...
Registered in 0.002260 seconds.
Begin MonoManager ReloadAssembly
Native extension for WindowsStandalone target not found
Refreshing native plugins compatible for Editor in 0.72 ms, found 1 plugins.
Preloading 0 native plugins for Editor in 0.00 ms.
Mono: successfully reloaded assembly
- Completed reload, in  0.831 seconds
Platform modules already initialized, skipping
Refreshing native plugins compatible for Editor in 0.63 ms, found 1 plugins.
Preloading 0 native plugins for Editor in 0.00 ms.
Unloading 2325 Unused Serialized files (Serialized files now loaded: 0)
System memory in use before: 116.8 MB.
System memory in use after: 117.0 MB.

Unloading 36 unused Assets to reduce memory usage. Loaded Objects now: 2973.
Total: 5.593000 ms (FindLiveObjects: 0.259400 ms CreateObjectMapping: 0.101200 ms MarkObjects: 5.192300 ms  DeleteObjects: 0.038900 ms)

========================================================================
Received Prepare
Registering precompiled user dll's ...
Registered in 0.003634 seconds.
Begin MonoManager ReloadAssembly
Native extension for WindowsStandalone target not found
Refreshing native plugins compatible for Editor in 0.64 ms, found 1 plugins.
Preloading 0 native plugins for Editor in 0.00 ms.
Mono: successfully reloaded assembly
- Completed reload, in  1.088 seconds
Platform modules already initialized, skipping
Refreshing native plugins compatible for Editor in 0.62 ms, found 1 plugins.
Preloading 0 native plugins for Editor in 0.00 ms.
Unloading 2325 Unused Serialized files (Serialized files now loaded: 0)
System memory in use before: 116.9 MB.
System memory in use after: 117.1 MB.

Unloading 36 unused Assets to reduce memory usage. Loaded Objects now: 2977.
Total: 5.459700 ms (FindLiveObjects: 0.206400 ms CreateObjectMapping: 0.077100 ms MarkObjects: 5.155200 ms  DeleteObjects: 0.019800 ms)

========================================================================
Received Import Request.
  Time since last request: 367.306195 seconds.
  path: Assets/Resources/Coin5.prefab
  artifactKey: Guid(f31dad8427d2e8740b8662e0aec4c066) Importer(815301076,1909f56bfc062723c751e8b465ee728b)
Start importing Assets/Resources/Coin5.prefab using Guid(f31dad8427d2e8740b8662e0aec4c066) Importer(815301076,1909f56bfc062723c751e8b465ee728b)  -> (artifact id: '045b35b209e2968694ce056598ef18eb') in 0.057783 seconds
  Import took 0.076301 seconds .

========================================================================
Received Import Request.
  Time since last request: 0.001847 seconds.
  path: Assets/Resources/Coin5.prefab
  artifactKey: Guid(f31dad8427d2e8740b8662e0aec4c066) Importer(815301076,1909f56bfc062723c751e8b465ee728b)
Start importing Assets/Resources/Coin5.prefab using Guid(f31dad8427d2e8740b8662e0aec4c066) Importer(815301076,1909f56bfc062723c751e8b465ee728b)  -> (artifact id: '045b35b209e2968694ce056598ef18eb') in 0.012345 seconds
  Import took 0.016510 seconds .

========================================================================
Received Import Request.
  Time since last request: 28.992481 seconds.
  path: Assets/Resources/Coin5.prefab
  artifactKey: Guid(f31dad8427d2e8740b8662e0aec4c066) Importer(815301076,1909f56bfc062723c751e8b465ee728b)
Start importing Assets/Resources/Coin5.prefab using Guid(f31dad8427d2e8740b8662e0aec4c066) Importer(815301076,1909f56bfc062723c751e8b465ee728b)  -> (artifact id: '0c5d8678ac67b6ca42a0b92e106ee6be') in 0.010252 seconds
  Import took 0.014807 seconds .

========================================================================
Received Import Request.
  Time since last request: 86.333759 seconds.
  path: Assets/Resources/Coin4.prefab
  artifactKey: Guid(9c6b776b471746f4cb3b03b170ef2d4e) Importer(815301076,1909f56bfc062723c751e8b465ee728b)
Start importing Assets/Resources/Coin4.prefab using Guid(9c6b776b471746f4cb3b03b170ef2d4e) Importer(815301076,1909f56bfc062723c751e8b465ee728b)  -> (artifact id: '581d519253aaccf08159874a2a7bec19') in 0.010810 seconds
  Import took 0.015442 seconds .

========================================================================
Received Import Request.
  Time since last request: 11.085677 seconds.
  path: Assets/Resources/Coin3.prefab
  artifactKey: Guid(4f694f07ea02d984ba46e81c37e83136) Importer(815301076,1909f56bfc062723c751e8b465ee728b)
Start importing Assets/Resources/Coin3.prefab using Guid(4f694f07ea02d984ba46e81c37e83136) Importer(815301076,1909f56bfc062723c751e8b465ee728b)  -> (artifact id: '5578a6c0160208dac87fd15bb4e6963e') in 0.010161 seconds
  Import took 0.022303 seconds .

========================================================================
Received Import Request.
  Time since last request: 24.799499 seconds.
  path: Assets/Resources/Coin6.prefab
  artifactKey: Guid(92873fdbc58e6a94ba68dda44f99ac54) Importer(815301076,1909f56bfc062723c751e8b465ee728b)
Start importing Assets/Resources/Coin6.prefab using Guid(92873fdbc58e6a94ba68dda44f99ac54) Importer(815301076,1909f56bfc062723c751e8b465ee728b)  -> (artifact id: 'a7bf6030be69fa5191e11cd9432263e2') in 0.010705 seconds
  Import took 0.028077 seconds .

========================================================================
Received Prepare
Registering precompiled user dll's ...
Registered in 0.002708 seconds.
Begin MonoManager ReloadAssembly
Native extension for WindowsStandalone target not found
Refreshing native plugins compatible for Editor in 0.60 ms, found 1 plugins.
Preloading 0 native plugins for Editor in 0.00 ms.
Mono: successfully reloaded assembly
- Completed reload, in  0.964 seconds
Platform modules already initialized, skipping
Refreshing native plugins compatible for Editor in 1.45 ms, found 1 plugins.
Preloading 0 native plugins for Editor in 0.00 ms.
Unloading 2325 Unused Serialized files (Serialized files now loaded: 0)
System memory in use before: 117.1 MB.
System memory in use after: 117.3 MB.

Unloading 36 unused Assets to reduce memory usage. Loaded Objects now: 2982.
Total: 14.011900 ms (FindLiveObjects: 0.505100 ms CreateObjectMapping: 0.334900 ms MarkObjects: 13.114900 ms  DeleteObjects: 0.054100 ms)

========================================================================
Received Import Request.
  Time since last request: 339.319599 seconds.
  path: Assets/Resources/gold.prefab
  artifactKey: Guid(818fb1f55cde89d4e82847400e308c73) Importer(815301076,1909f56bfc062723c751e8b465ee728b)
Start importing Assets/Resources/gold.prefab using Guid(818fb1f55cde89d4e82847400e308c73) Importer(815301076,1909f56bfc062723c751e8b465ee728b) The Animator Controller (chicken_19) you have used is not valid. Animations will not play
UnityEngine.StackTraceUtility:ExtractStackTrace ()
UnityEditor.EditorUtility:Internal_InstantiateRemoveAllNonAnimationComponentsSingle (UnityEngine.Object,UnityEngine.Vector3,UnityEngine.Quaternion)
UnityEditor.EditorUtility:InstantiateRemoveAllNonAnimationComponents (UnityEngine.Object,UnityEngine.Vector3,UnityEngine.Quaternion)
UnityEditor.EditorUtility:InstantiateForAnimatorPreview (UnityEngine.Object)
UnityEditor.GameObjectInspector/PreviewData:UpdateGameObject (UnityEngine.Object)
UnityEditor.GameObjectInspector/PreviewData:.ctor (UnityEngine.Object)
UnityEditor.GameObjectInspector:GetPreviewData ()
UnityEditor.GameObjectInspector:RenderStaticPreview (string,UnityEngine.Object[],int,int)
UnityEditor.AssetPreviewUpdater:CreatePreviewForAsset (UnityEngine.Object,UnityEngine.Object[],string)

[C:\buildslave\unity\build\Modules/Animation/Director/AnimatorControllerPlayable.cpp line 333]

The Animator Controller (chicken_19) you have used is not valid. Animations will not play
UnityEngine.StackTraceUtility:ExtractStackTrace ()
UnityEditor.EditorUtility:InitInstantiatedPreviewRecursive (UnityEngine.GameObject)
UnityEditor.EditorUtility:InstantiateForAnimatorPreview (UnityEngine.Object)
UnityEditor.GameObjectInspector/PreviewData:UpdateGameObject (UnityEngine.Object)
UnityEditor.GameObjectInspector/PreviewData:.ctor (UnityEngine.Object)
UnityEditor.GameObjectInspector:GetPreviewData ()
UnityEditor.GameObjectInspector:RenderStaticPreview (string,UnityEngine.Object[],int,int)
UnityEditor.AssetPreviewUpdater:CreatePreviewForAsset (UnityEngine.Object,UnityEngine.Object[],string)

[C:\buildslave\unity\build\Modules/Animation/Director/AnimatorControllerPlayable.cpp line 333]

 -> (artifact id: 'a7eb3d79d1992f8b4f913530e0535986') in 0.054242 seconds
  Import took 0.058512 seconds .

========================================================================
Received Import Request.
  Time since last request: 14.752455 seconds.
  path: Assets/Sprites
  artifactKey: Guid(191841ba5c9b2094aaa59bb24154efdc) Importer(815301076,1909f56bfc062723c751e8b465ee728b)
Start importing Assets/Sprites using Guid(191841ba5c9b2094aaa59bb24154efdc) Importer(815301076,1909f56bfc062723c751e8b465ee728b)  -> (artifact id: '9daafabe910ed8cc765629a692e911e6') in 0.001882 seconds
  Import took 0.005672 seconds .

========================================================================
Received Import Request.
  Time since last request: 9.932115 seconds.
  path: Assets/Resources
  artifactKey: Guid(6d90f6bb0e744e141800ee52e233fac4) Importer(815301076,1909f56bfc062723c751e8b465ee728b)
Start importing Assets/Resources using Guid(6d90f6bb0e744e141800ee52e233fac4) Importer(815301076,1909f56bfc062723c751e8b465ee728b)  -> (artifact id: 'eb22f170ec3426826af8b6571ce5ab22') in 0.002085 seconds
  Import took 0.005960 seconds .

========================================================================
Received Import Request.
  Time since last request: 9.639034 seconds.
  path: Assets/gold.anim
  artifactKey: Guid(bc404a7ba09aa56468c10a7a4e88ba03) Importer(815301076,1909f56bfc062723c751e8b465ee728b)
Start importing Assets/gold.anim using Guid(bc404a7ba09aa56468c10a7a4e88ba03) Importer(815301076,1909f56bfc062723c751e8b465ee728b)  -> (artifact id: 'ec36c2aafc5e5b451c04ea49700dd382') in 0.002136 seconds
  Import took 0.018544 seconds .

========================================================================
Received Import Request.
  Time since last request: 94.002038 seconds.
  path: Assets/Resources/gold3.prefab
  artifactKey: Guid(5a6e17cc1b1cf804ebac62c208e70f04) Importer(815301076,1909f56bfc062723c751e8b465ee728b)
Start importing Assets/Resources/gold3.prefab using Guid(5a6e17cc1b1cf804ebac62c208e70f04) Importer(815301076,1909f56bfc062723c751e8b465ee728b) The Animator Controller (chicken_19) you have used is not valid. Animations will not play
UnityEngine.StackTraceUtility:ExtractStackTrace ()
UnityEditor.EditorUtility:Internal_InstantiateRemoveAllNonAnimationComponentsSingle (UnityEngine.Object,UnityEngine.Vector3,UnityEngine.Quaternion)
UnityEditor.EditorUtility:InstantiateRemoveAllNonAnimationComponents (UnityEngine.Object,UnityEngine.Vector3,UnityEngine.Quaternion)
UnityEditor.EditorUtility:InstantiateForAnimatorPreview (UnityEngine.Object)
UnityEditor.GameObjectInspector/PreviewData:UpdateGameObject (UnityEngine.Object)
UnityEditor.GameObjectInspector/PreviewData:.ctor (UnityEngine.Object)
UnityEditor.GameObjectInspector:GetPreviewData ()
UnityEditor.GameObjectInspector:RenderStaticPreview (string,UnityEngine.Object[],int,int)
UnityEditor.AssetPreviewUpdater:CreatePreviewForAsset (UnityEngine.Object,UnityEngine.Object[],string)

[C:\buildslave\unity\build\Modules/Animation/Director/AnimatorControllerPlayable.cpp line 333]

The Animator Controller (chicken_19) you have used is not valid. Animations will not play
UnityEngine.StackTraceUtility:ExtractStackTrace ()
UnityEditor.EditorUtility:Internal_InstantiateRemoveAllNonAnimationComponentsSingle (UnityEngine.Object,UnityEngine.Vector3,UnityEngine.Quaternion)
UnityEditor.EditorUtility:InstantiateRemoveAllNonAnimationComponents (UnityEngine.Object,UnityEngine.Vector3,UnityEngine.Quaternion)
UnityEditor.EditorUtility:InstantiateForAnimatorPreview (UnityEngine.Object)
UnityEditor.GameObjectInspector/PreviewData:UpdateGameObject (UnityEngine.Object)
UnityEditor.GameObjectInspector/PreviewData:.ctor (UnityEngine.Object)
UnityEditor.GameObjectInspector:GetPreviewData ()
UnityEditor.GameObjectInspector:RenderStaticPreview (string,UnityEngine.Object[],int,int)
UnityEditor.AssetPreviewUpdater:CreatePreviewForAsset (UnityEngine.Object,UnityEngine.Object[],string)

[C:\buildslave\unity\build\Modules/Animation/Director/AnimatorControllerPlayable.cpp line 333]

The Animator Controller (chicken_19) you have used is not valid. Animations will not play
UnityEngine.StackTraceUtility:ExtractStackTrace ()
UnityEditor.EditorUtility:Internal_InstantiateRemoveAllNonAnimationComponentsSingle (UnityEngine.Object,UnityEngine.Vector3,UnityEngine.Quaternion)
UnityEditor.EditorUtility:InstantiateRemoveAllNonAnimationComponents (UnityEngine.Object,UnityEngine.Vector3,UnityEngine.Quaternion)
UnityEditor.EditorUtility:InstantiateForAnimatorPreview (UnityEngine.Object)
UnityEditor.GameObjectInspector/PreviewData:UpdateGameObject (UnityEngine.Object)
UnityEditor.GameObjectInspector/PreviewData:.ctor (UnityEngine.Object)
UnityEditor.GameObjectInspector:GetPreviewData ()
UnityEditor.GameObjectInspector:RenderStaticPreview (string,UnityEngine.Object[],int,int)
UnityEditor.AssetPreviewUpdater:CreatePreviewForAsset (UnityEngine.Object,UnityEngine.Object[],string)

[C:\buildslave\unity\build\Modules/Animation/Director/AnimatorControllerPlayable.cpp line 333]

The Animator Controller (chicken_19) you have used is not valid. Animations will not play
UnityEngine.StackTraceUtility:ExtractStackTrace ()
UnityEditor.EditorUtility:InitInstantiatedPreviewRecursive (UnityEngine.GameObject)
UnityEditor.EditorUtility:InstantiateForAnimatorPreview (UnityEngine.Object)
UnityEditor.GameObjectInspector/PreviewData:UpdateGameObject (UnityEngine.Object)
UnityEditor.GameObjectInspector/PreviewData:.ctor (UnityEngine.Object)
UnityEditor.GameObjectInspector:GetPreviewData ()
UnityEditor.GameObjectInspector:RenderStaticPreview (string,UnityEngine.Object[],int,int)
UnityEditor.AssetPreviewUpdater:CreatePreviewForAsset (UnityEngine.Object,UnityEngine.Object[],string)

[C:\buildslave\unity\build\Modules/Animation/Director/AnimatorControllerPlayable.cpp line 333]

The Animator Controller (chicken_19) you have used is not valid. Animations will not play
UnityEngine.StackTraceUtility:ExtractStackTrace ()
UnityEditor.EditorUtility:InitInstantiatedPreviewRecursive (UnityEngine.GameObject)
UnityEditor.EditorUtility:InstantiateForAnimatorPreview (UnityEngine.Object)
UnityEditor.GameObjectInspector/PreviewData:UpdateGameObject (UnityEngine.Object)
UnityEditor.GameObjectInspector/PreviewData:.ctor (UnityEngine.Object)
UnityEditor.GameObjectInspector:GetPreviewData ()
UnityEditor.GameObjectInspector:RenderStaticPreview (string,UnityEngine.Object[],int,int)
UnityEditor.AssetPreviewUpdater:CreatePreviewForAsset (UnityEngine.Object,UnityEngine.Object[],string)

[C:\buildslave\unity\build\Modules/Animation/Director/AnimatorControllerPlayable.cpp line 333]

The Animator Controller (chicken_19) you have used is not valid. Animations will not play
UnityEngine.StackTraceUtility:ExtractStackTrace ()
UnityEditor.EditorUtility:InitInstantiatedPreviewRecursive (UnityEngine.GameObject)
UnityEditor.EditorUtility:InstantiateForAnimatorPreview (UnityEngine.Object)
UnityEditor.GameObjectInspector/PreviewData:UpdateGameObject (UnityEngine.Object)
UnityEditor.GameObjectInspector/PreviewData:.ctor (UnityEngine.Object)
UnityEditor.GameObjectInspector:GetPreviewData ()
UnityEditor.GameObjectInspector:RenderStaticPreview (string,UnityEngine.Object[],int,int)
UnityEditor.AssetPreviewUpdater:CreatePreviewForAsset (UnityEngine.Object,UnityEngine.Object[],string)

[C:\buildslave\unity\build\Modules/Animation/Director/AnimatorControllerPlayable.cpp line 333]

 -> (artifact id: 'da6a1d1bb23e95f6f808ad21e62bc390') in 0.013667 seconds
  Import took 0.032176 seconds .

========================================================================
Received Import Request.
  Time since last request: 34.673037 seconds.
  path: Assets/Resources/gold2.prefab
  artifactKey: Guid(ad19afb3889487c43a4d211c83265c74) Importer(815301076,1909f56bfc062723c751e8b465ee728b)
Start importing Assets/Resources/gold2.prefab using Guid(ad19afb3889487c43a4d211c83265c74) Importer(815301076,1909f56bfc062723c751e8b465ee728b) The Animator Controller (chicken_19) you have used is not valid. Animations will not play
UnityEngine.StackTraceUtility:ExtractStackTrace ()
UnityEditor.EditorUtility:Internal_InstantiateRemoveAllNonAnimationComponentsSingle (UnityEngine.Object,UnityEngine.Vector3,UnityEngine.Quaternion)
UnityEditor.EditorUtility:InstantiateRemoveAllNonAnimationComponents (UnityEngine.Object,UnityEngine.Vector3,UnityEngine.Quaternion)
UnityEditor.EditorUtility:InstantiateForAnimatorPreview (UnityEngine.Object)
UnityEditor.GameObjectInspector/PreviewData:UpdateGameObject (UnityEngine.Object)
UnityEditor.GameObjectInspector/PreviewData:.ctor (UnityEngine.Object)
UnityEditor.GameObjectInspector:GetPreviewData ()
UnityEditor.GameObjectInspector:RenderStaticPreview (string,UnityEngine.Object[],int,int)
UnityEditor.AssetPreviewUpdater:CreatePreviewForAsset (UnityEngine.Object,UnityEngine.Object[],string)

[C:\buildslave\unity\build\Modules/Animation/Director/AnimatorControllerPlayable.cpp line 333]

The Animator Controller (chicken_19) you have used is not valid. Animations will not play
UnityEngine.StackTraceUtility:ExtractStackTrace ()
UnityEditor.EditorUtility:Internal_InstantiateRemoveAllNonAnimationComponentsSingle (UnityEngine.Object,UnityEngine.Vector3,UnityEngine.Quaternion)
UnityEditor.EditorUtility:InstantiateRemoveAllNonAnimationComponents (UnityEngine.Object,UnityEngine.Vector3,UnityEngine.Quaternion)
UnityEditor.EditorUtility:InstantiateForAnimatorPreview (UnityEngine.Object)
UnityEditor.GameObjectInspector/PreviewData:UpdateGameObject (UnityEngine.Object)
UnityEditor.GameObjectInspector/PreviewData:.ctor (UnityEngine.Object)
UnityEditor.GameObjectInspector:GetPreviewData ()
UnityEditor.GameObjectInspector:RenderStaticPreview (string,UnityEngine.Object[],int,int)
UnityEditor.AssetPreviewUpdater:CreatePreviewForAsset (UnityEngine.Object,UnityEngine.Object[],string)

[C:\buildslave\unity\build\Modules/Animation/Director/AnimatorControllerPlayable.cpp line 333]

The Animator Controller (chicken_19) you have used is not valid. Animations will not play
UnityEngine.StackTraceUtility:ExtractStackTrace ()
UnityEditor.EditorUtility:InitInstantiatedPreviewRecursive (UnityEngine.GameObject)
UnityEditor.EditorUtility:InstantiateForAnimatorPreview (UnityEngine.Object)
UnityEditor.GameObjectInspector/PreviewData:UpdateGameObject (UnityEngine.Object)
UnityEditor.GameObjectInspector/PreviewData:.ctor (UnityEngine.Object)
UnityEditor.GameObjectInspector:GetPreviewData ()
UnityEditor.GameObjectInspector:RenderStaticPreview (string,UnityEngine.Object[],int,int)
UnityEditor.AssetPreviewUpdater:CreatePreviewForAsset (UnityEngine.Object,UnityEngine.Object[],string)

[C:\buildslave\unity\build\Modules/Animation/Director/AnimatorControllerPlayable.cpp line 333]

The Animator Controller (chicken_19) you have used is not valid. Animations will not play
UnityEngine.StackTraceUtility:ExtractStackTrace ()
UnityEditor.EditorUtility:InitInstantiatedPreviewRecursive (UnityEngine.GameObject)
UnityEditor.EditorUtility:InstantiateForAnimatorPreview (UnityEngine.Object)
UnityEditor.GameObjectInspector/PreviewData:UpdateGameObject (UnityEngine.Object)
UnityEditor.GameObjectInspector/PreviewData:.ctor (UnityEngine.Object)
UnityEditor.GameObjectInspector:GetPreviewData ()
UnityEditor.GameObjectInspector:RenderStaticPreview (string,UnityEngine.Object[],int,int)
UnityEditor.AssetPreviewUpdater:CreatePreviewForAsset (UnityEngine.Object,UnityEngine.Object[],string)

[C:\buildslave\unity\build\Modules/Animation/Director/AnimatorControllerPlayable.cpp line 333]

 -> (artifact id: '59db862f4218a38f54200d5da1c64437') in 0.010346 seconds
  Import took 0.014882 seconds .

========================================================================
Received Prepare
Registering precompiled user dll's ...
Registered in 0.003784 seconds.
Begin MonoManager ReloadAssembly
Native extension for WindowsStandalone target not found
Refreshing native plugins compatible for Editor in 0.74 ms, found 1 plugins.
Preloading 0 native plugins for Editor in 0.00 ms.
Mono: successfully reloaded assembly
- Completed reload, in  1.216 seconds
Platform modules already initialized, skipping
Refreshing native plugins compatible for Editor in 0.71 ms, found 1 plugins.
Preloading 0 native plugins for Editor in 0.00 ms.
Unloading 2325 Unused Serialized files (Serialized files now loaded: 0)
System memory in use before: 117.1 MB.
System memory in use after: 117.3 MB.

Unloading 36 unused Assets to reduce memory usage. Loaded Objects now: 2987.
Total: 6.925600 ms (FindLiveObjects: 0.288400 ms CreateObjectMapping: 0.169600 ms MarkObjects: 6.423300 ms  DeleteObjects: 0.043100 ms)

========================================================================
Received Prepare
Registering precompiled user dll's ...
Registered in 0.002409 seconds.
Begin MonoManager ReloadAssembly
Native extension for WindowsStandalone target not found
Refreshing native plugins compatible for Editor in 0.78 ms, found 1 plugins.
Preloading 0 native plugins for Editor in 0.00 ms.
Mono: successfully reloaded assembly
- Completed reload, in  0.994 seconds
Platform modules already initialized, skipping
Refreshing native plugins compatible for Editor in 0.96 ms, found 1 plugins.
Preloading 0 native plugins for Editor in 0.00 ms.
Unloading 2325 Unused Serialized files (Serialized files now loaded: 0)
System memory in use before: 117.1 MB.
System memory in use after: 117.3 MB.

Unloading 36 unused Assets to reduce memory usage. Loaded Objects now: 2991.
Total: 5.480300 ms (FindLiveObjects: 0.237100 ms CreateObjectMapping: 0.075800 ms MarkObjects: 5.117200 ms  DeleteObjects: 0.049000 ms)

========================================================================
Received Prepare
Registering precompiled user dll's ...
Registered in 0.002672 seconds.
Begin MonoManager ReloadAssembly
Native extension for WindowsStandalone target not found
Refreshing native plugins compatible for Editor in 0.58 ms, found 1 plugins.
Preloading 0 native plugins for Editor in 0.00 ms.
Mono: successfully reloaded assembly
- Completed reload, in  0.839 seconds
Platform modules already initialized, skipping
Refreshing native plugins compatible for Editor in 0.58 ms, found 1 plugins.
Preloading 0 native plugins for Editor in 0.00 ms.
Unloading 2325 Unused Serialized files (Serialized files now loaded: 0)
System memory in use before: 117.0 MB.
System memory in use after: 117.3 MB.

Unloading 36 unused Assets to reduce memory usage. Loaded Objects now: 2995.
Total: 6.244600 ms (FindLiveObjects: 0.256600 ms CreateObjectMapping: 0.090900 ms MarkObjects: 5.840200 ms  DeleteObjects: 0.055900 ms)

========================================================================
Received Import Request.
  Time since last request: 1067.744651 seconds.
  path: Assets/Resources/gold.prefab
  artifactKey: Guid(818fb1f55cde89d4e82847400e308c73) Importer(815301076,1909f56bfc062723c751e8b465ee728b)
Start importing Assets/Resources/gold.prefab using Guid(818fb1f55cde89d4e82847400e308c73) Importer(815301076,1909f56bfc062723c751e8b465ee728b)  -> (artifact id: '08a137adb4f00f9e7d36772a278f3b97') in 0.070951 seconds
  Import took 0.075442 seconds .

========================================================================
Received Import Request.
  Time since last request: 0.000996 seconds.
  path: Assets/Resources/gold.prefab
  artifactKey: Guid(818fb1f55cde89d4e82847400e308c73) Importer(815301076,1909f56bfc062723c751e8b465ee728b)
Start importing Assets/Resources/gold.prefab using Guid(818fb1f55cde89d4e82847400e308c73) Importer(815301076,1909f56bfc062723c751e8b465ee728b)  -> (artifact id: '08a137adb4f00f9e7d36772a278f3b97') in 0.009870 seconds
  Import took 0.014535 seconds .

========================================================================
Received Prepare
Registering precompiled user dll's ...
Registered in 0.002790 seconds.
Begin MonoManager ReloadAssembly
Native extension for WindowsStandalone target not found
Refreshing native plugins compatible for Editor in 0.65 ms, found 1 plugins.
Preloading 0 native plugins for Editor in 0.00 ms.
Mono: successfully reloaded assembly
- Completed reload, in  1.082 seconds
Platform modules already initialized, skipping
Refreshing native plugins compatible for Editor in 0.69 ms, found 1 plugins.
Preloading 0 native plugins for Editor in 0.00 ms.
Unloading 2325 Unused Serialized files (Serialized files now loaded: 0)
System memory in use before: 117.1 MB.
System memory in use after: 117.4 MB.

Unloading 36 unused Assets to reduce memory usage. Loaded Objects now: 3000.
Total: 5.796500 ms (FindLiveObjects: 0.234000 ms CreateObjectMapping: 0.078200 ms MarkObjects: 5.438600 ms  DeleteObjects: 0.044600 ms)

========================================================================
Received Import Request.
  Time since last request: 31.624553 seconds.
  path: Assets/Resources/gold.prefab
  artifactKey: Guid(818fb1f55cde89d4e82847400e308c73) Importer(815301076,1909f56bfc062723c751e8b465ee728b)
Start importing Assets/Resources/gold.prefab using Guid(818fb1f55cde89d4e82847400e308c73) Importer(815301076,1909f56bfc062723c751e8b465ee728b)  -> (artifact id: '77e9a26ad3d2796498515f50e0e71dea') in 0.053797 seconds
  Import took 0.058053 seconds .

========================================================================
Received Import Request.
  Time since last request: 0.001304 seconds.
  path: Assets/Resources/gold.prefab
  artifactKey: Guid(818fb1f55cde89d4e82847400e308c73) Importer(815301076,1909f56bfc062723c751e8b465ee728b)
Start importing Assets/Resources/gold.prefab using Guid(818fb1f55cde89d4e82847400e308c73) Importer(815301076,1909f56bfc062723c751e8b465ee728b)  -> (artifact id: '77e9a26ad3d2796498515f50e0e71dea') in 0.008690 seconds
  Import took 0.012384 seconds .

========================================================================
Received Import Request.
  Time since last request: 29.380345 seconds.
  path: Assets/Resources/gold2.prefab
  artifactKey: Guid(ad19afb3889487c43a4d211c83265c74) Importer(815301076,1909f56bfc062723c751e8b465ee728b)
Start importing Assets/Resources/gold2.prefab using Guid(ad19afb3889487c43a4d211c83265c74) Importer(815301076,1909f56bfc062723c751e8b465ee728b)  -> (artifact id: '9ac944fe3542353fe7c2496281077cfa') in 0.013178 seconds
  Import took 0.016901 seconds .

========================================================================
Received Import Request.
  Time since last request: 0.850947 seconds.
  path: Assets/Resources/gold3.prefab
  artifactKey: Guid(5a6e17cc1b1cf804ebac62c208e70f04) Importer(815301076,1909f56bfc062723c751e8b465ee728b)
Start importing Assets/Resources/gold3.prefab using Guid(5a6e17cc1b1cf804ebac62c208e70f04) Importer(815301076,1909f56bfc062723c751e8b465ee728b)  -> (artifact id: '6810b3ea7b48b29a5c3f5690f4d60748') in 0.012741 seconds
  Import took 0.016596 seconds .

========================================================================
Received Prepare
Registering precompiled user dll's ...
Registered in 0.002253 seconds.
Begin MonoManager ReloadAssembly
Native extension for WindowsStandalone target not found
Refreshing native plugins compatible for Editor in 0.60 ms, found 1 plugins.
Preloading 0 native plugins for Editor in 0.00 ms.
Mono: successfully reloaded assembly
- Completed reload, in  0.843 seconds
Platform modules already initialized, skipping
Refreshing native plugins compatible for Editor in 0.60 ms, found 1 plugins.
Preloading 0 native plugins for Editor in 0.00 ms.
Unloading 2325 Unused Serialized files (Serialized files now loaded: 0)
System memory in use before: 117.2 MB.
System memory in use after: 117.4 MB.

Unloading 36 unused Assets to reduce memory usage. Loaded Objects now: 3005.
Total: 5.528200 ms (FindLiveObjects: 0.248600 ms CreateObjectMapping: 0.078400 ms MarkObjects: 5.173800 ms  DeleteObjects: 0.025900 ms)

========================================================================
Received Prepare
Registering precompiled user dll's ...
Registered in 0.002584 seconds.
Begin MonoManager ReloadAssembly
Native extension for WindowsStandalone target not found
Refreshing native plugins compatible for Editor in 0.58 ms, found 1 plugins.
Preloading 0 native plugins for Editor in 0.00 ms.
Mono: successfully reloaded assembly
- Completed reload, in  0.996 seconds
Platform modules already initialized, skipping
Refreshing native plugins compatible for Editor in 0.60 ms, found 1 plugins.
Preloading 0 native plugins for Editor in 0.00 ms.
Unloading 2325 Unused Serialized files (Serialized files now loaded: 0)
System memory in use before: 117.2 MB.
System memory in use after: 117.4 MB.

Unloading 36 unused Assets to reduce memory usage. Loaded Objects now: 3009.
Total: 5.035800 ms (FindLiveObjects: 0.242200 ms CreateObjectMapping: 0.081200 ms MarkObjects: 4.692500 ms  DeleteObjects: 0.019100 ms)

========================================================================
Received Prepare
Registering precompiled user dll's ...
Registered in 0.002414 seconds.
Begin MonoManager ReloadAssembly
Native extension for WindowsStandalone target not found
Refreshing native plugins compatible for Editor in 0.58 ms, found 1 plugins.
Preloading 0 native plugins for Editor in 0.00 ms.
Mono: successfully reloaded assembly
- Completed reload, in  1.340 seconds
Platform modules already initialized, skipping
Refreshing native plugins compatible for Editor in 0.82 ms, found 1 plugins.
Preloading 0 native plugins for Editor in 0.00 ms.
Unloading 2325 Unused Serialized files (Serialized files now loaded: 0)
System memory in use before: 117.2 MB.
System memory in use after: 117.4 MB.

Unloading 36 unused Assets to reduce memory usage. Loaded Objects now: 3013.
Total: 5.205500 ms (FindLiveObjects: 0.258700 ms CreateObjectMapping: 0.098800 ms MarkObjects: 4.825500 ms  DeleteObjects: 0.021500 ms)

========================================================================
Received Prepare
Registering precompiled user dll's ...
Registered in 0.003397 seconds.
Begin MonoManager ReloadAssembly
Native extension for WindowsStandalone target not found
Refreshing native plugins compatible for Editor in 0.63 ms, found 1 plugins.
Preloading 0 native plugins for Editor in 0.00 ms.
Mono: successfully reloaded assembly
- Completed reload, in  1.217 seconds
Platform modules already initialized, skipping
Refreshing native plugins compatible for Editor in 1.08 ms, found 1 plugins.
Preloading 0 native plugins for Editor in 0.00 ms.
Unloading 2325 Unused Serialized files (Serialized files now loaded: 0)
System memory in use before: 117.1 MB.
System memory in use after: 117.3 MB.

Unloading 36 unused Assets to reduce memory usage. Loaded Objects now: 3017.
Total: 7.517500 ms (FindLiveObjects: 0.542000 ms CreateObjectMapping: 0.186600 ms MarkObjects: 6.757400 ms  DeleteObjects: 0.030100 ms)

========================================================================
Received Import Request.
  Time since last request: 1914.153318 seconds.
  path: Assets/Resources/egg.prefab
  artifactKey: Guid(17569a852cf1d454f8f4b624e48f83dc) Importer(815301076,1909f56bfc062723c751e8b465ee728b)
Start importing Assets/Resources/egg.prefab using Guid(17569a852cf1d454f8f4b624e48f83dc) Importer(815301076,1909f56bfc062723c751e8b465ee728b)  -> (artifact id: '6d27b58726e90b49757d75d3b0017503') in 0.069003 seconds
  Import took 0.073707 seconds .

========================================================================
Received Prepare
Registering precompiled user dll's ...
Registered in 0.002377 seconds.
Begin MonoManager ReloadAssembly
Native extension for WindowsStandalone target not found
Refreshing native plugins compatible for Editor in 0.59 ms, found 1 plugins.
Preloading 0 native plugins for Editor in 0.00 ms.
Mono: successfully reloaded assembly
- Completed reload, in  1.125 seconds
Platform modules already initialized, skipping
Refreshing native plugins compatible for Editor in 0.59 ms, found 1 plugins.
Preloading 0 native plugins for Editor in 0.00 ms.
Unloading 2325 Unused Serialized files (Serialized files now loaded: 0)
System memory in use before: 117.2 MB.
System memory in use after: 117.4 MB.

Unloading 36 unused Assets to reduce memory usage. Loaded Objects now: 3022.
Total: 5.517400 ms (FindLiveObjects: 0.259900 ms CreateObjectMapping: 0.085700 ms MarkObjects: 5.122600 ms  DeleteObjects: 0.048000 ms)

========================================================================
Received Import Request.
  Time since last request: 43.874967 seconds.
  path: Assets/Resources/egg.prefab
  artifactKey: Guid(17569a852cf1d454f8f4b624e48f83dc) Importer(815301076,1909f56bfc062723c751e8b465ee728b)
Start importing Assets/Resources/egg.prefab using Guid(17569a852cf1d454f8f4b624e48f83dc) Importer(815301076,1909f56bfc062723c751e8b465ee728b)  -> (artifact id: '2f4a82a89b5bbdc317b93857c60440d7') in 0.058405 seconds
  Import took 0.077608 seconds .

========================================================================
Received Prepare
Registering precompiled user dll's ...
Registered in 0.002258 seconds.
Begin MonoManager ReloadAssembly
Native extension for WindowsStandalone target not found
Refreshing native plugins compatible for Editor in 0.57 ms, found 1 plugins.
Preloading 0 native plugins for Editor in 0.00 ms.
Mono: successfully reloaded assembly
- Completed reload, in  0.846 seconds
Platform modules already initialized, skipping
Refreshing native plugins compatible for Editor in 0.66 ms, found 1 plugins.
Preloading 0 native plugins for Editor in 0.00 ms.
Unloading 2325 Unused Serialized files (Serialized files now loaded: 0)
System memory in use before: 117.2 MB.
System memory in use after: 117.4 MB.

Unloading 36 unused Assets to reduce memory usage. Loaded Objects now: 3027.
Total: 7.159200 ms (FindLiveObjects: 0.948500 ms CreateObjectMapping: 0.204600 ms MarkObjects: 5.963100 ms  DeleteObjects: 0.028600 ms)

========================================================================
Received Prepare
Registering precompiled user dll's ...
Registered in 0.003112 seconds.
Begin MonoManager ReloadAssembly
Native extension for WindowsStandalone target not found
Refreshing native plugins compatible for Editor in 0.85 ms, found 1 plugins.
Preloading 0 native plugins for Editor in 0.00 ms.
Mono: successfully reloaded assembly
- Completed reload, in  1.023 seconds
Platform modules already initialized, skipping
Refreshing native plugins compatible for Editor in 1.13 ms, found 1 plugins.
Preloading 0 native plugins for Editor in 0.00 ms.
Unloading 2325 Unused Serialized files (Serialized files now loaded: 0)
System memory in use before: 117.2 MB.
System memory in use after: 117.4 MB.

Unloading 36 unused Assets to reduce memory usage. Loaded Objects now: 3031.
Total: 7.385300 ms (FindLiveObjects: 0.495700 ms CreateObjectMapping: 0.204300 ms MarkObjects: 6.629100 ms  DeleteObjects: 0.055000 ms)

========================================================================
Received Import Request.
  Time since last request: 22.604214 seconds.
  path: Assets/Resources/egg.prefab
  artifactKey: Guid(17569a852cf1d454f8f4b624e48f83dc) Importer(815301076,1909f56bfc062723c751e8b465ee728b)
Start importing Assets/Resources/egg.prefab using Guid(17569a852cf1d454f8f4b624e48f83dc) Importer(815301076,1909f56bfc062723c751e8b465ee728b)  -> (artifact id: 'e7ff5a319649af125515054ade7fe3e4') in 0.083477 seconds
  Import took 0.104941 seconds .

========================================================================
Received Prepare
Registering precompiled user dll's ...
Registered in 0.004889 seconds.
Begin MonoManager ReloadAssembly
Native extension for WindowsStandalone target not found
Refreshing native plugins compatible for Editor in 0.60 ms, found 1 plugins.
Preloading 0 native plugins for Editor in 0.00 ms.
Mono: successfully reloaded assembly
- Completed reload, in  1.003 seconds
Platform modules already initialized, skipping
Refreshing native plugins compatible for Editor in 0.99 ms, found 1 plugins.
Preloading 0 native plugins for Editor in 0.00 ms.
Unloading 2325 Unused Serialized files (Serialized files now loaded: 0)
System memory in use before: 117.2 MB.
System memory in use after: 117.5 MB.

Unloading 36 unused Assets to reduce memory usage. Loaded Objects now: 3036.
Total: 6.173200 ms (FindLiveObjects: 0.401400 ms CreateObjectMapping: 0.132000 ms MarkObjects: 5.573200 ms  DeleteObjects: 0.065200 ms)

AssetImportWorkerClient::OnTransportError - code=2 error=End of file
