Using pre-set license
Built from '2020.3/staging' branch; Version is '2020.3.8f1 (507919d4fff5) revision 5273881'; Using compiler version '192528614'; Build Type 'Release'
OS: 'Windows 10 Pro; OS build 19042.1165; Version 2009; 64bit' Language: 'ru' Physical Memory: 8104 MB
BatchMode: 1, IsHumanControllingUs: 0, StartBugReporterOnCrash: 0, Is64bit: 1, IsPro: 0

 COMMAND LINE ARGUMENTS:
D:\UnityEditor\2020.3.8f1\Editor\Unity.exe
-adb2
-batchMode
-noUpm
-name
AssetImportWorker7
-projectPath
D:/UnityProjects/Chicken2d
-logFile
Logs/AssetImportWorker7.log
-srvPort
18156
Successfully changed project path to: D:/UnityProjects/Chicken2d
D:/UnityProjects/Chicken2d
Using Asset Import Pipeline V2.
Refreshing native plugins compatible for Editor in 466.65 ms, found 1 plugins.
Preloading 0 native plugins for Editor in 0.00 ms.
Initialize engine version: 2020.3.8f1 (507919d4fff5)
[Subsystems] Discovering subsystems at path D:/UnityEditor/2020.3.8f1/Editor/Data/Resources/UnitySubsystems
[Subsystems] Discovering subsystems at path D:/UnityProjects/Chicken2d/Assets
GfxDevice: creating device client; threaded=0
Direct3D:
    Version:  Direct3D 11.0 [level 11.1]
    Renderer: Intel(R) HD Graphics 5500 (ID=0x1616)
    Vendor:   
    VRAM:     4052 MB
    Driver:   20.19.15.5063
Initialize mono
Mono path[0] = 'D:/UnityEditor/2020.3.8f1/Editor/Data/Managed'
Mono path[1] = 'D:/UnityEditor/2020.3.8f1/Editor/Data/MonoBleedingEdge/lib/mono/unityjit'
Mono config path = 'D:/UnityEditor/2020.3.8f1/Editor/Data/MonoBleedingEdge/etc'
Using monoOptions --debugger-agent=transport=dt_socket,embedding=1,server=y,suspend=n,address=127.0.0.1:56048
Begin MonoManager ReloadAssembly
Registering precompiled unity dll's ...
Register platform support module: D:/UnityEditor/2020.3.8f1/Editor/Data/PlaybackEngines/WebGLSupport/UnityEditor.WebGL.Extensions.dll
Register platform support module: D:/UnityEditor/2020.3.8f1/Editor/Data/PlaybackEngines/WindowsStandaloneSupport/UnityEditor.WindowsStandalone.Extensions.dll
Registered in 0.183346 seconds.
Native extension for WindowsStandalone target not found
Native extension for WebGL target not found
Refreshing native plugins compatible for Editor in 133.19 ms, found 1 plugins.
Preloading 0 native plugins for Editor in 0.00 ms.
Mono: successfully reloaded assembly
- Completed reload, in  4.457 seconds
Platform modules already initialized, skipping
Registering precompiled user dll's ...
Registered in 0.012313 seconds.
Begin MonoManager ReloadAssembly
Native extension for WindowsStandalone target not found
Native extension for WebGL target not found
Refreshing native plugins compatible for Editor in 150.13 ms, found 1 plugins.
Preloading 0 native plugins for Editor in 0.00 ms.
Mono: successfully reloaded assembly
- Completed reload, in  6.012 seconds
Platform modules already initialized, skipping
========================================================================
Worker process is ready to serve import requests
Launched and connected shader compiler UnityShaderCompiler.exe after 0.37 seconds
Refreshing native plugins compatible for Editor in 2.44 ms, found 1 plugins.
Preloading 0 native plugins for Editor in 0.00 ms.
Unloading 2880 Unused Serialized files (Serialized files now loaded: 0)
System memory in use before: 120.6 MB.
System memory in use after: 120.7 MB.

Unloading 106 unused Assets to reduce memory usage. Loaded Objects now: 3269.
Total: 91.827800 ms (FindLiveObjects: 1.949500 ms CreateObjectMapping: 0.338700 ms MarkObjects: 77.792800 ms  DeleteObjects: 11.743400 ms)

========================================================================
Received Import Request.
  path: Assets/Sounds/dropmetalthing.ogg
  artifactKey: Guid(ab50135cc0075ee4ab8a0e1068865a99) Importer(815301076,1909f56bfc062723c751e8b465ee728b)
Start importing Assets/Sounds/dropmetalthing.ogg using Guid(ab50135cc0075ee4ab8a0e1068865a99) Importer(815301076,1909f56bfc062723c751e8b465ee728b)  -> (artifact id: 'bc54f49f69b8c63981b5d706cc5a0b5b') in 0.748636 seconds
  Import took 0.784092 seconds .

========================================================================
Received Prepare
Registering precompiled user dll's ...
Registered in 0.071597 seconds.
Begin MonoManager ReloadAssembly
Native extension for WindowsStandalone target not found
Native extension for WebGL target not found
Refreshing native plugins compatible for Editor in 5.17 ms, found 1 plugins.
Preloading 0 native plugins for Editor in 0.00 ms.
Mono: successfully reloaded assembly
- Completed reload, in  4.065 seconds
Platform modules already initialized, skipping
Switching build target platform(5) subTarget(0) extendedPlatform(0) -> platform(13) subTarget(537395200) extendedPlatform(0)
Refreshing native plugins compatible for Editor in 2.51 ms, found 1 plugins.
Preloading 0 native plugins for Editor in 0.00 ms.
Unloading 2869 Unused Serialized files (Serialized files now loaded: 0)
System memory in use before: 122.6 MB.
System memory in use after: 122.7 MB.

Unloading 94 unused Assets to reduce memory usage. Loaded Objects now: 3282.
Total: 10.753700 ms (FindLiveObjects: 0.928000 ms CreateObjectMapping: 0.514400 ms MarkObjects: 9.078600 ms  DeleteObjects: 0.229400 ms)

AssetImportParameters requested are different than current active one (requested -> active):
  custom:graphics/normal-map-encoding: 01000000000000000000000000000000 -> 02000000000000000000000000000000
========================================================================
Received Prepare
Registering precompiled user dll's ...
Registered in 0.013837 seconds.
Begin MonoManager ReloadAssembly
Native extension for WindowsStandalone target not found
Native extension for WebGL target not found
Refreshing native plugins compatible for Editor in 2.14 ms, found 1 plugins.
Preloading 0 native plugins for Editor in 0.00 ms.
Mono: successfully reloaded assembly
- Completed reload, in  2.754 seconds
Platform modules already initialized, skipping
Switching build target platform(5) subTarget(0) extendedPlatform(0) -> platform(13) subTarget(537395200) extendedPlatform(0)
Refreshing native plugins compatible for Editor in 3.18 ms, found 1 plugins.
Preloading 0 native plugins for Editor in 0.00 ms.
Unloading 2869 Unused Serialized files (Serialized files now loaded: 0)
System memory in use before: 122.7 MB.
System memory in use after: 122.7 MB.

Unloading 94 unused Assets to reduce memory usage. Loaded Objects now: 3286.
Total: 19.564400 ms (FindLiveObjects: 0.983600 ms CreateObjectMapping: 0.480800 ms MarkObjects: 17.448100 ms  DeleteObjects: 0.648100 ms)

AssetImportParameters requested are different than current active one (requested -> active):
  custom:graphics/normal-map-encoding: 01000000000000000000000000000000 -> 02000000000000000000000000000000
========================================================================
Received Import Request.
  Time since last request: 2348.409753 seconds.
  path: Assets/Animations/coin (119).controller
  artifactKey: Guid(1c07e559026d43547a4ab3a6c4d13b51) Importer(815301076,1909f56bfc062723c751e8b465ee728b)
Start importing Assets/Animations/coin (119).controller using Guid(1c07e559026d43547a4ab3a6c4d13b51) Importer(815301076,1909f56bfc062723c751e8b465ee728b)  -> (artifact id: '4595e696ba456328865b9366d217c1a5') in 0.109868 seconds
  Import took 0.206717 seconds .

========================================================================
Received Import Request.
  Time since last request: 4.478875 seconds.
  path: Assets/Animations/coin.anim
  artifactKey: Guid(f0c09e6685afd5749b6df2c3e3b03270) Importer(815301076,1909f56bfc062723c751e8b465ee728b)
Start importing Assets/Animations/coin.anim using Guid(f0c09e6685afd5749b6df2c3e3b03270) Importer(815301076,1909f56bfc062723c751e8b465ee728b)  -> (artifact id: 'd201cc4a17439927be834ea7104595cd') in 0.089537 seconds
  Import took 0.168337 seconds .

========================================================================
Received Import Request.
  Time since last request: 0.093098 seconds.
  path: Assets/Animations/coin.anim
  artifactKey: Guid(f0c09e6685afd5749b6df2c3e3b03270) Importer(815301076,1909f56bfc062723c751e8b465ee728b)
Start importing Assets/Animations/coin.anim using Guid(f0c09e6685afd5749b6df2c3e3b03270) Importer(815301076,1909f56bfc062723c751e8b465ee728b)  -> (artifact id: 'd201cc4a17439927be834ea7104595cd') in 0.031057 seconds
  Import took 0.088007 seconds .

========================================================================
Received Prepare
Registering precompiled user dll's ...
Registered in 0.013095 seconds.
Begin MonoManager ReloadAssembly
Native extension for WindowsStandalone target not found
Native extension for WebGL target not found
Refreshing native plugins compatible for Editor in 1.98 ms, found 1 plugins.
Preloading 0 native plugins for Editor in 0.00 ms.
Mono: successfully reloaded assembly
- Completed reload, in  2.281 seconds
Platform modules already initialized, skipping
Switching build target platform(5) subTarget(0) extendedPlatform(0) -> platform(13) subTarget(537395200) extendedPlatform(0)
Refreshing native plugins compatible for Editor in 2.79 ms, found 1 plugins.
Preloading 0 native plugins for Editor in 0.00 ms.
Unloading 2869 Unused Serialized files (Serialized files now loaded: 0)
System memory in use before: 122.7 MB.
System memory in use after: 122.8 MB.

Unloading 94 unused Assets to reduce memory usage. Loaded Objects now: 3290.
Total: 13.393800 ms (FindLiveObjects: 0.397100 ms CreateObjectMapping: 0.267600 ms MarkObjects: 12.026900 ms  DeleteObjects: 0.698100 ms)

AssetImportParameters requested are different than current active one (requested -> active):
  custom:graphics/normal-map-encoding: 01000000000000000000000000000000 -> 02000000000000000000000000000000
========================================================================
Received Prepare
Registering precompiled user dll's ...
Registered in 0.012112 seconds.
Begin MonoManager ReloadAssembly
Native extension for WindowsStandalone target not found
Native extension for WebGL target not found
Refreshing native plugins compatible for Editor in 2.02 ms, found 1 plugins.
Preloading 0 native plugins for Editor in 0.00 ms.
Mono: successfully reloaded assembly
- Completed reload, in  2.704 seconds
Platform modules already initialized, skipping
Switching build target platform(5) subTarget(0) extendedPlatform(0) -> platform(13) subTarget(537395200) extendedPlatform(0)
Refreshing native plugins compatible for Editor in 2.13 ms, found 1 plugins.
Preloading 0 native plugins for Editor in 0.00 ms.
Unloading 2869 Unused Serialized files (Serialized files now loaded: 0)
System memory in use before: 122.7 MB.
System memory in use after: 122.8 MB.

Unloading 94 unused Assets to reduce memory usage. Loaded Objects now: 3294.
Total: 9.938600 ms (FindLiveObjects: 0.429000 ms CreateObjectMapping: 0.204600 ms MarkObjects: 9.058400 ms  DeleteObjects: 0.244300 ms)

AssetImportParameters requested are different than current active one (requested -> active):
  custom:graphics/normal-map-encoding: 01000000000000000000000000000000 -> 02000000000000000000000000000000
========================================================================
Received Import Request.
  Time since last request: 158.235401 seconds.
  path: Assets/GUI PRO Kit - Casual Game/ResourcesData/Sprite/Demo/Demo_Background/Background_08_3Right.png
  artifactKey: Guid(2cb0c617c8ea94bc59e68b83c8c05405) Importer(815301076,1909f56bfc062723c751e8b465ee728b)
Start importing Assets/GUI PRO Kit - Casual Game/ResourcesData/Sprite/Demo/Demo_Background/Background_08_3Right.png using Guid(2cb0c617c8ea94bc59e68b83c8c05405) Importer(815301076,1909f56bfc062723c751e8b465ee728b)  -> (artifact id: '5f12a02fee58a21fa081c10a6c38e600') in 0.543493 seconds
  Import took 0.598620 seconds .

========================================================================
Received Import Request.
  Time since last request: 0.001051 seconds.
  path: Assets/GUI PRO Kit - Casual Game/ResourcesData/Sprite/Demo/Demo_Background/Background_08_5BottomGlow_Blue.png
  artifactKey: Guid(c601b7c22cd154c75af02188245414f0) Importer(815301076,1909f56bfc062723c751e8b465ee728b)
Start importing Assets/GUI PRO Kit - Casual Game/ResourcesData/Sprite/Demo/Demo_Background/Background_08_5BottomGlow_Blue.png using Guid(c601b7c22cd154c75af02188245414f0) Importer(815301076,1909f56bfc062723c751e8b465ee728b)  -> (artifact id: '1902dd351f0fca3a6a7465a3d0fc89d3') in 0.121438 seconds
  Import took 0.190016 seconds .

========================================================================
Received Import Request.
  Time since last request: 0.000962 seconds.
  path: Assets/GUI PRO Kit - Casual Game/ResourcesData/Sprite/Demo/Demo_Background/Background_08_4BottomGlow_Green.png
  artifactKey: Guid(c07684e29b48d4467b4cbc26388dfa98) Importer(815301076,1909f56bfc062723c751e8b465ee728b)
Start importing Assets/GUI PRO Kit - Casual Game/ResourcesData/Sprite/Demo/Demo_Background/Background_08_4BottomGlow_Green.png using Guid(c07684e29b48d4467b4cbc26388dfa98) Importer(815301076,1909f56bfc062723c751e8b465ee728b)  -> (artifact id: '3e9c64785ca90e1b156c00e8c6a0d109') in 0.229047 seconds
  Import took 0.279042 seconds .

========================================================================
Received Import Request.
  Time since last request: 0.001159 seconds.
  path: Assets/GUI PRO Kit - Casual Game/ResourcesData/Sprite/Demo/Demo_Background/Background_09_Purple1.png
  artifactKey: Guid(544abfd93c2744a7fa9efc5f1b412e7b) Importer(815301076,1909f56bfc062723c751e8b465ee728b)
Start importing Assets/GUI PRO Kit - Casual Game/ResourcesData/Sprite/Demo/Demo_Background/Background_09_Purple1.png using Guid(544abfd93c2744a7fa9efc5f1b412e7b) Importer(815301076,1909f56bfc062723c751e8b465ee728b)  -> (artifact id: 'a41d7ca25597d3037cddaa375a3b8d2b') in 0.056145 seconds
  Import took 0.117467 seconds .

========================================================================
Received Import Request.
  Time since last request: 0.001689 seconds.
  path: Assets/GUI PRO Kit - Casual Game/ResourcesData/Sprite/Demo/Demo_Background/Background_08_6EffectImage.png
  artifactKey: Guid(8464b41777b1a471c812a19695dfe17d) Importer(815301076,1909f56bfc062723c751e8b465ee728b)
Start importing Assets/GUI PRO Kit - Casual Game/ResourcesData/Sprite/Demo/Demo_Background/Background_08_6EffectImage.png using Guid(8464b41777b1a471c812a19695dfe17d) Importer(815301076,1909f56bfc062723c751e8b465ee728b)  -> (artifact id: '871b1ac9ec272caea86a985f3e8430f7') in 0.076889 seconds
  Import took 0.211691 seconds .

========================================================================
Received Import Request.
  Time since last request: 10.119686 seconds.
  path: Assets/Sounds/bing1.wav
  artifactKey: Guid(d1db2b749fd99204a94684b0b2be283a) Importer(815301076,1909f56bfc062723c751e8b465ee728b)
Start importing Assets/Sounds/bing1.wav using Guid(d1db2b749fd99204a94684b0b2be283a) Importer(815301076,1909f56bfc062723c751e8b465ee728b)  -> (artifact id: 'c815df41b03475080c28cf1af3f184ff') in 0.202824 seconds
  Import took 0.254713 seconds .

========================================================================
Received Import Request.
  Time since last request: 7.656276 seconds.
  path: Assets/Resources/BrickDrop.prefab
  artifactKey: Guid(ea526f6c8f758024d82e3ca8a7a7a8ba) Importer(815301076,1909f56bfc062723c751e8b465ee728b)
Start importing Assets/Resources/BrickDrop.prefab using Guid(ea526f6c8f758024d82e3ca8a7a7a8ba) Importer(815301076,1909f56bfc062723c751e8b465ee728b)  -> (artifact id: '8df4ff0932d5d1941e9e9cae43dbe9c5') in 0.420654 seconds
  Import took 0.473695 seconds .

========================================================================
Received Prepare
Registering precompiled user dll's ...
Registered in 0.011429 seconds.
Begin MonoManager ReloadAssembly
Native extension for WindowsStandalone target not found
Native extension for WebGL target not found
Refreshing native plugins compatible for Editor in 2.17 ms, found 1 plugins.
Preloading 0 native plugins for Editor in 0.00 ms.
Mono: successfully reloaded assembly
- Completed reload, in  2.954 seconds
Platform modules already initialized, skipping
Switching build target platform(5) subTarget(0) extendedPlatform(0) -> platform(13) subTarget(537395200) extendedPlatform(0)
Refreshing native plugins compatible for Editor in 2.05 ms, found 1 plugins.
Preloading 0 native plugins for Editor in 0.00 ms.
Unloading 2869 Unused Serialized files (Serialized files now loaded: 0)
System memory in use before: 122.8 MB.
System memory in use after: 122.9 MB.

Unloading 94 unused Assets to reduce memory usage. Loaded Objects now: 3308.
Total: 11.146900 ms (FindLiveObjects: 0.386000 ms CreateObjectMapping: 0.293400 ms MarkObjects: 10.242200 ms  DeleteObjects: 0.222700 ms)

AssetImportParameters requested are different than current active one (requested -> active):
  custom:graphics/normal-map-encoding: 01000000000000000000000000000000 -> 02000000000000000000000000000000
========================================================================
Received Import Request.
  Time since last request: 196.702616 seconds.
  path: Assets/Sounds/bing1.wav
  artifactKey: Guid(d1db2b749fd99204a94684b0b2be283a) Importer(815301076,1909f56bfc062723c751e8b465ee728b)
Start importing Assets/Sounds/bing1.wav using Guid(d1db2b749fd99204a94684b0b2be283a) Importer(815301076,1909f56bfc062723c751e8b465ee728b)  -> (artifact id: 'e4e0c5f180e2b177210e91399b260310') in 0.114138 seconds
  Import took 0.196327 seconds .

========================================================================
Received Import Request.
  Time since last request: 17.870534 seconds.
  path: Assets/Resources/bingSoundFx.prefab
  artifactKey: Guid(5c43a6de94c42e347ad3ee1b94a6fcee) Importer(815301076,1909f56bfc062723c751e8b465ee728b)
Start importing Assets/Resources/bingSoundFx.prefab using Guid(5c43a6de94c42e347ad3ee1b94a6fcee) Importer(815301076,1909f56bfc062723c751e8b465ee728b)  -> (artifact id: '50d01e5e13a211341f1930a03f9d8ecb') in 0.027596 seconds
  Import took 0.089873 seconds .

========================================================================
Received Import Request.
  Time since last request: 0.013342 seconds.
  path: Assets/Resources/bingSoundFx.prefab
  artifactKey: Guid(5c43a6de94c42e347ad3ee1b94a6fcee) Importer(815301076,1909f56bfc062723c751e8b465ee728b)
Start importing Assets/Resources/bingSoundFx.prefab using Guid(5c43a6de94c42e347ad3ee1b94a6fcee) Importer(815301076,1909f56bfc062723c751e8b465ee728b)  -> (artifact id: '50d01e5e13a211341f1930a03f9d8ecb') in 0.033750 seconds
  Import took 0.055575 seconds .

========================================================================
Received Import Request.
  Time since last request: 14.617743 seconds.
  path: Assets/Resources/bingSoundfx.prefab
  artifactKey: Guid(5c43a6de94c42e347ad3ee1b94a6fcee) Importer(815301076,1909f56bfc062723c751e8b465ee728b)
Start importing Assets/Resources/bingSoundfx.prefab using Guid(5c43a6de94c42e347ad3ee1b94a6fcee) Importer(815301076,1909f56bfc062723c751e8b465ee728b)  -> (artifact id: 'da357882b3e4ad0888f114f77b3a08ee') in 0.011590 seconds
  Import took 0.086578 seconds .

========================================================================
Received Import Request.
  Time since last request: 5.994593 seconds.
  path: Assets/Resources/bingSoundfx.prefab
  artifactKey: Guid(5c43a6de94c42e347ad3ee1b94a6fcee) Importer(815301076,1909f56bfc062723c751e8b465ee728b)
Start importing Assets/Resources/bingSoundfx.prefab using Guid(5c43a6de94c42e347ad3ee1b94a6fcee) Importer(815301076,1909f56bfc062723c751e8b465ee728b)  -> (artifact id: 'ff051f89ed4242f5d00633a762bd2809') in 0.010330 seconds
  Import took 0.161927 seconds .

========================================================================
Received Prepare
Registering precompiled user dll's ...
Registered in 0.035708 seconds.
Begin MonoManager ReloadAssembly
Native extension for WindowsStandalone target not found
Native extension for WebGL target not found
Refreshing native plugins compatible for Editor in 1.93 ms, found 1 plugins.
Preloading 0 native plugins for Editor in 0.00 ms.
Mono: successfully reloaded assembly
- Completed reload, in  2.301 seconds
Platform modules already initialized, skipping
Switching build target platform(5) subTarget(0) extendedPlatform(0) -> platform(13) subTarget(537395200) extendedPlatform(0)
Refreshing native plugins compatible for Editor in 2.80 ms, found 1 plugins.
Preloading 0 native plugins for Editor in 0.00 ms.
Unloading 2869 Unused Serialized files (Serialized files now loaded: 0)
System memory in use before: 122.8 MB.
System memory in use after: 122.9 MB.

Unloading 94 unused Assets to reduce memory usage. Loaded Objects now: 3313.
Total: 10.394900 ms (FindLiveObjects: 0.395200 ms CreateObjectMapping: 0.232400 ms MarkObjects: 9.540000 ms  DeleteObjects: 0.224500 ms)

AssetImportParameters requested are different than current active one (requested -> active):
  custom:graphics/normal-map-encoding: 01000000000000000000000000000000 -> 02000000000000000000000000000000
========================================================================
Received Prepare
Registering precompiled user dll's ...
Registered in 0.013987 seconds.
Begin MonoManager ReloadAssembly
Native extension for WindowsStandalone target not found
Native extension for WebGL target not found
Refreshing native plugins compatible for Editor in 2.09 ms, found 1 plugins.
Preloading 0 native plugins for Editor in 0.00 ms.
Mono: successfully reloaded assembly
- Completed reload, in  2.494 seconds
Platform modules already initialized, skipping
Switching build target platform(5) subTarget(0) extendedPlatform(0) -> platform(13) subTarget(537395200) extendedPlatform(0)
Refreshing native plugins compatible for Editor in 2.21 ms, found 1 plugins.
Preloading 0 native plugins for Editor in 0.00 ms.
Unloading 2869 Unused Serialized files (Serialized files now loaded: 0)
System memory in use before: 122.8 MB.
System memory in use after: 122.9 MB.

Unloading 94 unused Assets to reduce memory usage. Loaded Objects now: 3317.
Total: 9.282300 ms (FindLiveObjects: 0.407000 ms CreateObjectMapping: 0.198600 ms MarkObjects: 8.440300 ms  DeleteObjects: 0.234200 ms)

AssetImportParameters requested are different than current active one (requested -> active):
  custom:graphics/normal-map-encoding: 01000000000000000000000000000000 -> 02000000000000000000000000000000
========================================================================
Received Import Request.
  Time since last request: 506.341632 seconds.
  path: Assets/Scenes/MainGame.unity
  artifactKey: Guid(2cda990e2423bbf4892e6590ba056729) Importer(815301076,1909f56bfc062723c751e8b465ee728b)
Start importing Assets/Scenes/MainGame.unity using Guid(2cda990e2423bbf4892e6590ba056729) Importer(815301076,1909f56bfc062723c751e8b465ee728b)  -> (artifact id: '8a5cb5fd5b5aad680a5992a36e6ab9ef') in 0.035940 seconds
  Import took 0.122620 seconds .

========================================================================
Received Import Request.
  Time since last request: 0.075921 seconds.
  path: Assets/Scenes/MainGame.unity
  artifactKey: Guid(2cda990e2423bbf4892e6590ba056729) Importer(815301076,1909f56bfc062723c751e8b465ee728b)
Start importing Assets/Scenes/MainGame.unity using Guid(2cda990e2423bbf4892e6590ba056729) Importer(815301076,1909f56bfc062723c751e8b465ee728b)  -> (artifact id: '8a5cb5fd5b5aad680a5992a36e6ab9ef') in 0.008580 seconds
  Import took 0.025090 seconds .

========================================================================
Received Import Request.
  Time since last request: 51.036184 seconds.
  path: Assets/Scripts/_GameManager.cs
  artifactKey: Guid(b4f581ff021cb9247996a8f5a4a45761) Importer(815301076,1909f56bfc062723c751e8b465ee728b)
Start importing Assets/Scripts/_GameManager.cs using Guid(b4f581ff021cb9247996a8f5a4a45761) Importer(815301076,1909f56bfc062723c751e8b465ee728b)  -> (artifact id: 'c634c9151f5c5a8e8c4d05a1fd27972a') in 0.118099 seconds
  Import took 0.166799 seconds .

========================================================================
Received Import Request.
  Time since last request: 14.030469 seconds.
  path: Assets/Resources/LevelLoader.prefab
  artifactKey: Guid(f558b62404c4f074abd5b5a524a050cd) Importer(815301076,1909f56bfc062723c751e8b465ee728b)
Start importing Assets/Resources/LevelLoader.prefab using Guid(f558b62404c4f074abd5b5a524a050cd) Importer(815301076,1909f56bfc062723c751e8b465ee728b)  -> (artifact id: 'a2a4921a389efd3658c5bade7a24a306') in 0.096863 seconds
  Import took 0.133891 seconds .

========================================================================
Received Import Request.
  Time since last request: 0.569299 seconds.
  path: Assets/Resources/LevelLoaderEnd.prefab
  artifactKey: Guid(0923dadde4e14d14a984d4423f47ecf3) Importer(815301076,1909f56bfc062723c751e8b465ee728b)
Start importing Assets/Resources/LevelLoaderEnd.prefab using Guid(0923dadde4e14d14a984d4423f47ecf3) Importer(815301076,1909f56bfc062723c751e8b465ee728b)  -> (artifact id: '0284aedd091f229f125dcaddc3ba6e3c') in 0.049221 seconds
  Import took 0.102805 seconds .

========================================================================
Received Import Request.
  Time since last request: 0.400506 seconds.
  path: Assets/Resources/LevelLoaderStart.prefab
  artifactKey: Guid(b4ffd5fdae02e2542806cdd6b30b7771) Importer(815301076,1909f56bfc062723c751e8b465ee728b)
Start importing Assets/Resources/LevelLoaderStart.prefab using Guid(b4ffd5fdae02e2542806cdd6b30b7771) Importer(815301076,1909f56bfc062723c751e8b465ee728b)  -> (artifact id: '98fe84a35a7f46fe86937c820e0142b8') in 0.020456 seconds
  Import took 0.241284 seconds .

========================================================================
Received Prepare
Registering precompiled user dll's ...
Registered in 0.012060 seconds.
Begin MonoManager ReloadAssembly
Native extension for WindowsStandalone target not found
Native extension for WebGL target not found
Refreshing native plugins compatible for Editor in 2.01 ms, found 1 plugins.
Preloading 0 native plugins for Editor in 0.00 ms.
Mono: successfully reloaded assembly
- Completed reload, in  3.340 seconds
Platform modules already initialized, skipping
Switching build target platform(5) subTarget(0) extendedPlatform(0) -> platform(13) subTarget(537395200) extendedPlatform(0)
Refreshing native plugins compatible for Editor in 2.19 ms, found 1 plugins.
Preloading 0 native plugins for Editor in 0.00 ms.
Unloading 2869 Unused Serialized files (Serialized files now loaded: 0)
System memory in use before: 122.9 MB.
System memory in use after: 122.9 MB.

Unloading 94 unused Assets to reduce memory usage. Loaded Objects now: 3321.
Total: 13.460000 ms (FindLiveObjects: 0.455100 ms CreateObjectMapping: 0.244300 ms MarkObjects: 12.519900 ms  DeleteObjects: 0.238300 ms)

AssetImportParameters requested are different than current active one (requested -> active):
  custom:graphics/normal-map-encoding: 01000000000000000000000000000000 -> 02000000000000000000000000000000
========================================================================
Received Prepare
Registering precompiled user dll's ...
Registered in 0.013211 seconds.
Begin MonoManager ReloadAssembly
Native extension for WindowsStandalone target not found
Native extension for WebGL target not found
Refreshing native plugins compatible for Editor in 2.05 ms, found 1 plugins.
Preloading 0 native plugins for Editor in 0.00 ms.
Mono: successfully reloaded assembly
- Completed reload, in  2.982 seconds
Platform modules already initialized, skipping
Switching build target platform(5) subTarget(0) extendedPlatform(0) -> platform(13) subTarget(537395200) extendedPlatform(0)
Refreshing native plugins compatible for Editor in 1.92 ms, found 1 plugins.
Preloading 0 native plugins for Editor in 0.00 ms.
Unloading 2869 Unused Serialized files (Serialized files now loaded: 0)
System memory in use before: 122.9 MB.
System memory in use after: 122.9 MB.

Unloading 94 unused Assets to reduce memory usage. Loaded Objects now: 3325.
Total: 9.458100 ms (FindLiveObjects: 0.370500 ms CreateObjectMapping: 0.189100 ms MarkObjects: 8.670100 ms  DeleteObjects: 0.225600 ms)

AssetImportParameters requested are different than current active one (requested -> active):
  custom:graphics/normal-map-encoding: 01000000000000000000000000000000 -> 02000000000000000000000000000000
